4 4
0 0 0 0 0 4 0 0 0 0 0 0 0 0 4 0 0 0 Left [0]
1 0 4 0 0 0 0 0 0 0 0 0 0 0 4 0 0 2 Up [0]
2 8 8 0 0 2 0 0 0 0 0 0 0 0 0 4 0 0 Up [0]
3 8 8 4 0 2 0 0 0 0 0 0 0 0 0 0 2 0 Left [0]
4 8 8 4 2 4 0 0 0 0 0 0 0 0 2 0 0 0 Up [0]
5 8 8 4 2 4 2 0 2 0 0 0 0 0 0 0 0 0 Left [0]
6 12 8 4 2 4 4 2 0 0 0 0 0 0 0 0 0 0 Down [0]
7 12 0 0 4 0 0 0 0 0 8 4 0 0 4 2 2 4 Left [0]
8 16 4 0 0 0 2 0 0 0 8 4 0 0 4 4 4 0 Up [0]
9 24 4 8 4 0 2 0 0 2 8 0 0 0 4 0 0 0 Left [0]
10 28 4 8 4 0 4 0 0 0 8 0 0 4 4 0 0 0 Left [0]
11 28 4 8 4 0 4 0 0 0 8 4 2 0 4 0 0 0 Down [0]
12 36 0 0 0 0 8 0 0 2 8 8 4 0 4 4 2 0 Left [0]
13 60 0 0 2 0 8 2 0 0 16 4 0 0 8 2 0 0 Up [0]
14 60 8 2 2 0 16 4 2 0 8 2 0 0 0 0 0 0 Left [0]
15 64 8 4 0 0 16 4 2 0 8 2 0 0 4 0 0 0 Up [0]
16 72 8 8 2 0 16 2 0 0 8 0 0 0 4 0 2 0 Left [0]
17 88 16 2 0 4 16 2 0 0 8 0 0 0 4 2 0 0 Up [0]
18 124 32 4 0 4 8 2 0 0 4 0 0 0 0 0 2 0 Left [0]
19 132 32 8 0 0 8 2 0 0 4 0 0 0 2 0 2 0 Up [0]
20 132 32 8 2 4 8 2 0 0 4 0 0 0 2 0 0 0 Down [0]
21 132 32 0 0 0 8 0 0 4 4 8 0 0 2 2 2 4 Left [0]
22 136 32 0 0 0 8 4 0 0 4 8 4 0 4 2 4 0 Up [0]
23 152 32 4 8 0 8 8 4 0 8 2 0 0 0 0 0 0 Up [0]
24 168 32 4 8 0 16 8 4 0 0 2 0 0 0 0 2 0 Left [0]
25 168 32 4 8 0 16 8 4 4 2 0 0 0 2 0 0 0 Up [0]
26 172 32 4 8 4 16 8 4 0 4 2 0 0 0 0 0 0 Down [0]
27 172 2 0 0 0 32 4 0 0 16 8 8 0 4 2 4 4 Up [0]
28 172 2 4 8 4 32 8 4 2 16 2 0 0 4 0 0 0 Down [0]
29 172 2 0 0 0 32 4 0 4 16 8 8 4 4 2 4 2 Left [0]
30 196 2 0 0 0 32 8 0 4 16 16 4 0 4 2 4 2 Left [0]
31 228 2 4 0 0 32 8 4 0 32 4 0 0 4 2 4 2 Up [0]
32 300 2 4 8 2 64 8 0 0 4 4 0 2 0 2 0 0 Left [0]
33 308 2 4 8 2 64 8 0 0 8 2 0 2 2 0 0 0 Down [0]
34 312 2 0 4 0 64 4 0 0 8 8 0 0 2 2 8 4 Left [0]
35 332 2 4 0 0 64 4 4 0 16 0 0 0 4 8 4 0 Up [0]
36 348 2 8 8 2 64 8 0 0 16 0 0 0 4 0 0 0 Up [0]
37 364 2 16 8 2 64 0 0 0 16 0 0 0 4 0 4 0 Left [0]
38 372 2 16 8 2 64 0 0 4 16 0 0 0 8 0 0 0 Left [0]
39 372 2 16 8 2 64 4 0 0 16 4 0 0 8 0 0 0 Down [0]
40 380 2 0 0 0 64 4 0 0 16 16 0 0 8 8 8 2 Left [0]
41 428 2 0 0 0 64 4 0 0 32 0 0 2 16 8 2 0 Up [0]
42 428 2 4 2 2 64 8 0 0 32 0 0 0 16 0 4 0 Left [0]
43 432 2 4 4 0 64 8 0 0 32 0 2 0 16 4 0 0 Left [0]
44 440 2 8 0 0 64 8 0 4 32 2 0 0 16 4 0 0 Down [0]
45 456 2 0 2 0 64 16 0 0 32 2 0 0 16 4 0 4 Left [0]
46 468 4 0 0 0 64 16 2 0 32 2 0 0 16 8 0 0 Down [0]
47 468 4 0 0 0 64 16 0 0 32 2 0 2 16 8 2 0 Down [0]
48 468 4 0 4 0 64 16 0 0 32 2 0 0 16 8 2 2 Left [0]
49 480 8 0 0 0 64 16 0 0 32 2 0 4 16 8 4 0 Down [0]
50 480 8 0 0 0 64 16 0 0 32 2 0 2 16 8 4 4 Left [0]
51 492 8 0 4 0 64 16 0 0 32 4 0 0 16 8 8 0 Left [0]
52 508 8 4 0 0 64 16 2 0 32 4 0 0 16 16 0 0 Left [0]
53 540 8 4 0 0 64 16 2 0 32 4 2 0 32 0 0 0 Down [0]
54 608 0 0 0 0 8 4 2 0 64 16 0 0 64 4 4 0 Down [0]
55 736 4 0 0 0 0 4 0 0 8 16 2 0 128 4 4 0 Left [0]
56 744 4 0 0 0 4 0 0 4 8 16 2 0 128 8 0 0 Down [0]
57 752 0 0 0 0 8 0 0 0 8 16 2 0 128 8 2 4 Down [0]
58 772 0 0 0 0 0 0 0 0 16 16 4 0 128 8 4 4 Left [0]
59 812 0 0 0 0 0 0 0 0 32 4 0 0 128 8 8 4 Up [0]
60 812 32 4 8 4 128 8 0 0 0 0 0 0 0 4 0 0 Down [0]
61 812 0 0 0 0 2 4 0 0 32 8 0 0 128 4 8 4 Up [0]
62 812 2 4 8 4 32 8 0 0 128 4 0 0 0 0 2 0 Down [0]
63 812 0 2 0 0 2 4 0 0 32 8 8 0 128 4 2 4 Left [0]
64 828 2 0 0 4 2 4 0 0 32 16 0 0 128 4 2 4 Down [0]
65 840 0 0 0 0 4 4 4 0 32 16 0 0 128 4 2 8 Left [0]
66 848 0 0 0 0 8 4 2 0 32 16 0 0 128 4 2 8 Up [0]
67 852 8 4 4 8 32 16 0 0 128 4 0 0 0 0 0 2 Down [0]
68 852 0 0 0 0 8 4 0 2 32 16 0 8 128 4 4 2 Left [0]
69 860 4 0 0 0 8 4 2 0 32 16 8 0 128 8 2 0 Up [0]
70 860 4 4 2 0 8 16 8 0 32 8 2 4 128 0 0 0 Left [0]
71 868 8 2 0 0 8 16 8 2 32 8 2 4 128 0 0 0 Down [0]
72 884 0 4 0 0 16 2 0 0 32 16 8 2 128 8 2 4 Up [0]
73 884 16 4 8 2 32 2 2 4 128 16 0 0 4 8 0 0 Left [0]
74 888 16 4 8 2 32 4 4 0 128 16 2 0 4 8 0 0 Up [0]
75 896 16 8 8 2 32 16 4 0 128 8 2 0 4 0 4 0 Left [0]
76 920 16 16 2 0 32 16 4 0 128 8 2 0 8 0 2 0 Left [0]
77 952 32 2 2 0 32 16 4 0 128 8 2 0 8 2 0 0 Down [0]
78 1016 0 2 0 4 64 16 2 0 128 8 4 0 8 2 2 0 Up [0]
79 1016 64 2 2 4 128 16 4 0 8 8 2 0 2 2 0 0 Left [0]
80 1040 64 4 4 0 128 16 4 0 16 2 0 0 4 0 0 2 Down [0]
81 1048 64 2 0 0 128 4 0 0 16 16 0 0 4 2 8 2 Left [0]
82 1080 64 2 0 2 128 4 0 0 32 0 0 0 4 2 8 2 Up [0]
83 1084 64 2 8 4 128 4 0 0 32 2 4 0 4 0 0 0 Down [0]
84 1084 64 0 0 4 128 2 0 0 32 4 8 0 4 2 4 4 Left [0]
85 1092 64 4 0 4 128 2 0 0 32 4 8 0 4 2 8 0 Up [0]
86 1108 64 4 16 4 128 2 2 0 32 4 0 0 4 2 0 0 Left [0]
87 1112 64 4 16 4 128 4 0 0 32 4 0 4 4 2 0 0 Up [0]
88 1128 64 8 16 8 128 4 0 0 32 2 0 4 4 0 0 0 Left [0]
89 1128 64 8 16 8 128 4 0 0 32 2 4 4 4 0 0 0 Down [0]
90 1128 64 0 4 0 128 8 0 0 32 4 16 8 4 2 4 4 Left [0]
91 1136 64 4 2 0 128 8 0 0 32 4 16 8 4 2 8 0 Up [0]
92 1136 64 4 2 8 128 8 16 0 32 4 8 0 4 2 0 2 Left [0]
93 1140 64 4 2 8 128 8 16 4 32 4 8 0 4 4 0 0 Left [0]
94 1148 64 4 2 8 128 8 16 4 32 4 8 0 8 0 0 4 Down [0]
95 1156 64 0 4 0 128 4 2 0 32 8 16 8 8 4 8 8 Up [0]
96 1172 64 4 4 16 128 8 2 0 32 4 16 0 8 0 8 4 Left [0]
97 1196 64 8 16 4 128 8 2 0 32 4 16 0 16 4 0 0 Down [0]
98 1220 64 0 0 0 128 0 16 0 32 16 2 2 16 8 16 4 Up [0]
99 1220 64 16 16 2 128 8 2 4 32 0 16 0 16 0 2 0 Left [0]
100 1252 64 32 2 0 128 8 2 4 32 16 0 0 16 2 4 0 Up [0]
101 1256 64 32 4 4 128 8 4 0 32 16 4 0 16 2 0 0 Up [0]
102 1264 64 32 8 4 128 8 4 0 32 16 0 4 16 2 0 0 Left [0]
103 1264 64 32 8 4 128 8 4 0 32 16 4 2 16 2 0 0 Up [0]
104 1272 64 32 8 4 128 8 8 2 32 16 0 0 16 2 0 2 Left [0]
105 1292 64 32 8 4 128 16 2 0 32 16 0 4 16 4 0 0 Down [0]
106 1332 64 0 2 0 128 32 0 0 32 32 8 0 16 4 2 8 Left [0]
107 1396 64 2 0 4 128 32 0 0 64 8 0 0 16 4 2 8 Up [0]
108 1396 64 2 2 4 128 32 0 8 64 8 0 0 16 4 2 0 Left [0]
109 1400 64 4 4 4 128 32 8 0 64 8 0 0 16 4 2 0 Left [0]
110 1408 64 8 4 0 128 32 8 0 64 8 0 4 16 4 2 0 Up [0]
111 1408 64 8 4 4 128 32 8 0 64 8 2 0 16 4 0 2 Left [0]
112 1416 64 8 8 0 128 32 8 0 64 8 2 0 16 4 2 4 Left [0]
113 1432 64 16 0 0 128 32 8 4 64 8 2 0 16 4 2 4 Up [0]
114 1444 64 16 8 8 128 32 4 0 64 8 0 4 16 4 0 0 Up [0]
115 1444 64 16 8 8 128 32 4 4 64 8 2 0 16 4 0 0 Left [0]
116 1468 64 16 16 0 128 32 8 0 64 8 2 0 16 4 4 0 Left [0]
117 1508 64 32 0 0 128 32 8 0 64 8 2 0 16 8 0 4 Up [0]
118 1588 64 64 8 4 128 16 2 0 64 0 0 0 16 0 4 0 Left [0]
119 1716 128 8 4 0 128 16 2 0 64 0 0 4 16 4 0 0 Up [0]
120 1972 256 8 4 4 64 16 2 0 16 4 0 2 0 0 0 0 Left [0]
121 1980 256 8 8 0 64 16 2 0 16 4 2 0 0 2 0 0 Left [0]
122 1996 256 16 0 2 64 16 2 0 16 4 2 0 2 0 0 0 Left [0]
123 1996 256 16 2 0 64 16 2 4 16 4 2 0 2 0 0 0 Up [0]
124 2032 256 32 4 4 64 4 2 2 16 0 0 0 2 0 0 0 Left [0]
125 2044 256 32 8 0 64 4 4 0 16 0 2 0 2 0 0 0 Left [0]
126 2052 256 32 8 0 64 8 0 0 16 2 0 0 2 0 2 0 Left [0]
127 2056 256 32 8 0 64 8 0 0 16 2 0 0 4 0 2 0 Left [0]
128 2056 256 32 8 0 64 8 0 0 16 2 4 0 4 2 0 0 Down [0]
129 2060 256 0 2 0 64 32 0 0 16 8 8 0 4 4 4 0 Left [0]
130 2084 256 2 0 2 64 32 0 0 16 16 0 0 8 4 0 0 Left [0]
131 2120 256 4 0 2 64 32 0 0 32 0 0 0 8 4 0 0 Down [0]
132 2120 256 2 0 0 64 4 0 0 32 32 0 0 8 4 0 2 Left [0]
133 2184 256 2 0 0 64 4 0 4 64 0 0 0 8 4 2 0 Up [0]
134 2320 256 2 2 4 128 8 0 0 8 0 0 0 0 2 0 0 Up [0]
135 2320 256 2 2 4 128 8 0 4 8 2 0 0 0 0 0 0 Left [0]
136 2324 256 4 4 0 128 8 4 4 8 2 0 0 0 0 0 0 Left [0]
137 2340 256 8 0 0 128 8 8 0 8 2 0 0 4 0 0 0 Left [0]
138 2356 256 8 0 4 128 16 0 0 8 2 0 0 4 0 0 0 Left [0]
139 2356 256 8 4 0 128 16 0 0 8 2 0 0 4 0 0 4 Left [0]
140 2364 256 8 4 0 128 16 0 0 8 2 0 4 8 0 0 0 Up [0]
141 2380 256 8 4 4 128 16 0 0 16 2 4 0 0 0 0 0 Left [0]
142 2388 256 8 8 0 128 16 0 0 16 2 4 0 0 2 0 0 Left [0]
143 2404 256 16 4 0 128 16 0 0 16 2 4 0 2 0 0 0 Down [0]
144 2444 256 4 0 0 128 0 0 0 16 32 0 0 2 2 8 0 Left [0]
145 2448 256 4 0 0 128 0 0 0 16 32 0 0 4 8 2 0 Up [0]
146 2448 256 4 2 0 128 32 0 0 16 8 0 0 4 2 0 0 Down [0]
147 2448 256 4 0 0 128 32 0 0 16 8 0 4 4 2 2 0 Left [0]
148 2452 256 4 0 0 128 32 0 0 16 8 4 0 4 4 2 0 Left [0]
149 2460 256 4 4 0 128 32 0 0 16 8 4 0 8 2 0 0 Up [0]
150 2468 256 4 8 0 128 32 0 2 16 8 0 0 8 2 0 0 Left [0]
151 2468 256 4 8 0 128 32 2 0 16 8 0 0 8 2 0 2 Left [0]
152 2472 256 4 8 4 128 32 2 0 16 8 0 0 8 4 0 0 Down [0]
153 2472 256 4 0 0 128 32 4 0 16 8 8 0 8 4 2 4 Up [0]
154 2472 256 4 4 4 128 32 8 0 16 8 2 2 8 4 0 0 Left [0]
155 2484 256 8 4 0 128 32 8 4 16 8 4 0 8 4 0 0 Down [0]
156 2484 256 8 0 2 128 32 4 0 16 8 8 0 8 4 4 4 Left [0]
157 2508 256 8 2 0 128 32 4 0 16 16 4 0 8 8 4 0 Left [0]
158 2556 256 8 2 2 128 32 4 0 32 4 0 0 16 4 0 0 Down [0]
159 2564 256 0 0 0 128 8 2 0 32 32 2 0 16 8 4 2 Left [0]
160 2628 256 0 0 0 128 8 2 2 64 2 0 0 16 8 4 2 Up [0]
161 2632 256 8 2 4 128 2 4 2 64 8 0 0 16 0 0 0 Down [0]
162 2632 256 2 0 0 128 8 0 0 64 2 2 4 16 8 4 2 Left [0]
163 2636 256 2 0 0 128 8 4 0 64 4 4 0 16 8 4 2 Left [0]
164 2644 256 2 0 0 128 8 4 0 64 8 2 0 16 8 4 2 Down [0]
165 2660 256 0 2 0 128 2 4 0 64 8 2 0 16 16 4 2 Left [0]
166 2692 256 2 0 0 128 2 4 2 64 8 2 0 32 4 2 0 Up [0]
167 2700 256 4 4 2 128 8 4 2 64 4 0 0 32 0 0 0 Down [0]
168 2712 256 0 0 0 128 4 0 0 64 8 4 0 32 4 8 4 Up [0]
169 2712 256 4 4 4 128 8 8 0 64 4 0 0 32 4 0 0 Down [0]
170 2720 256 0 0 0 128 4 2 0 64 8 4 0 32 8 8 4 Left [0]
171 2736 256 0 0 0 128 4 2 4 64 8 4 0 32 16 4 0 Down [0]
172 2744 256 0 0 0 128 4 0 0 64 8 2 4 32 16 8 4 Down [0]
173 2752 256 4 0 0 128 4 0 0 64 8 2 0 32 16 8 8 Left [0]
174 2768 256 4 0 0 128 4 4 0 64 8 2 0 32 16 16 0 Left [0]
175 2808 256 4 0 4 128 8 0 0 64 8 2 0 32 32 0 0 Left [0]
176 2880 256 8 0 0 128 8 0 0 64 8 2 4 64 0 0 0 Up [0]
177 3024 256 16 2 4 128 8 0 0 128 0 0 2 0 0 0 0 Up [0]
178 3280 256 16 2 4 256 8 2 2 0 0 0 0 0 0 0 0 Up [0]
179 3796 512 16 4 4 0 8 0 2 2 0 0 0 0 0 0 0 Left [0]
180 3804 512 16 8 0 8 2 0 0 2 0 0 4 0 0 0 0 Left [0]
181 3804 512 16 8 0 8 2 0 0 2 4 0 0 2 0 0 0 Up [0]
182 3808 512 16 8 0 8 2 0 0 4 4 0 0 4 0 0 0 Left [0]
183 3816 512 16 8 0 8 2 0 0 8 4 0 0 4 0 0 0 Up [0]
184 3832 512 16 8 0 16 2 0 4 4 4 0 0 0 0 0 0 Left [0]
185 3840 512 16 8 2 16 2 4 0 8 0 0 0 0 0 0 0 Down [0]
186 3840 0 0 0 0 512 2 0 0 16 16 8 0 8 2 4 2 Up [0]
187 3840 512 2 8 2 16 16 4 0 8 2 0 2 0 0 0 0 Left [0]
188 3876 512 2 8 2 32 4 4 0 8 4 0 0 0 0 0 0 Left [0]
189 3884 512 2 8 2 32 8 4 0 8 4 0 0 0 0 0 0 Down [0]
190 3884 0 4 0 0 512 2 0 0 32 8 8 0 8 4 4 2 Up [0]
191 3884 512 4 8 2 32 2 4 0 8 8 0 4 0 4 0 0 Left [0]
192 3900 512 4 8 2 32 2 4 0 16 4 0 0 4 0 2 0 Left [0]
193 3900 512 4 8 2 32 2 4 0 16 4 4 0 4 2 0 0 Left [0]
194 3908 512 4 8 2 32 2 4 0 16 8 2 0 4 2 0 0 Down [0]
195 3908 512 4 0 0 32 2 8 0 16 8 4 4 4 2 2 2 Left [0]
196 3920 512 4 0 0 32 2 8 4 16 8 8 0 4 4 2 0 Left [0]
197 3944 512 4 0 0 32 2 8 4 16 16 0 0 8 2 0 4 Left [0]
198 3976 512 4 0 0 32 2 8 4 32 0 0 0 8 2 4 2 Up [0]
199 4044 512 4 8 4 64 4 4 2 8 0 0 0 0 2 0 0 Left [0]
200 4052 512 4 8 4 64 8 2 0 8 0 0 0 2 0 2 0 Left [0]
201 4056 512 4 8 4 64 8 2 0 8 0 0 0 4 0 2 0 Left [0]
202 4056 512 4 8 4 64 8 2 0 8 0 0 0 4 2 4 0 Down [0]
203 4056 512 0 0 0 64 4 8 0 8 8 2 4 4 2 4 4 Left [0]
204 4080 512 0 2 0 64 4 8 0 16 2 4 0 4 2 8 0 Down [0]
205 4084 512 0 2 4 64 0 8 0 16 4 4 0 4 4 8 0 Left [0]
206 4100 512 2 4 0 64 8 0 0 16 8 2 0 8 8 0 0 Left [0]
207 4116 512 2 4 0 64 8 0 4 16 8 2 0 16 0 0 0 Up [0]
208 4164 512 2 4 4 64 16 2 0 32 0 0 0 0 0 0 4 Up [0]
209 4172 512 2 4 8 64 16 2 2 32 0 0 0 0 0 0 0 Left [0]
210 4176 512 2 4 8 64 16 4 0 32 0 0 0 0 0 0 2 Left [0]
211 4176 512 2 4 8 64 16 4 0 32 0 0 0 2 0 2 0 Left [0]
212 4180 512 2 4 8 64 16 4 0 32 0 0 4 4 0 0 0 Left [0]
213 4180 512 2 4 8 64 16 4 0 32 4 0 2 4 0 0 0 Left [0]
214 4180 512 2 4 8 64 16 4 0 32 4 2 0 4 4 0 0 Left [0]
215 4188 512 2 4 8 64 16 4 0 32 4 2 2 8 0 0 0 Down [0]
216 4196 512 4 0 0 64 2 0 0 32 16 8 8 8 4 2 2 Left [0]
217 4216 512 4 0 0 64 2 0 4 32 16 16 0 8 4 4 0 Left [0]
218 4256 512 4 4 0 64 2 4 0 32 32 0 0 8 8 0 0 Left [0]
219 4344 512 8 0 0 64 2 4 0 64 0 0 0 16 0 0 2 Up [0]
220 4472 512 8 4 2 128 2 0 0 16 0 2 0 0 0 0 0 Left [0]
221 4472 512 8 4 2 128 2 0 0 16 2 0 0 0 0 4 0 Left [0]
222 4472 512 8 4 2 128 2 0 0 16 2 2 0 4 0 0 0 Left [0]
223 4476 512 8 4 2 128 2 2 0 16 4 0 0 4 0 0 0 Left [0]
224 4480 512 8 4 2 128 4 0 0 16 4 0 0 4 4 0 0 Left [0]
225 4488 512 8 4 2 128 4 0 0 16 4 0 0 8 0 0 2 Down [0]
226 4500 512 0 0 0 128 0 0 0 16 8 0 2 8 8 4 4 Left [0]
227 4524 512 0 0 2 128 0 0 0 16 8 2 0 16 8 0 0 Up [0]
228 4572 512 16 2 2 128 0 0 0 32 0 0 0 2 0 0 0 Left [0]
229 4576 512 16 4 0 128 0 0 0 32 0 2 0 2 0 0 0 Left [0]
230 4576 512 16 4 4 128 0 0 0 32 2 0 0 2 0 0 0 Down [0]
231 4576 512 0 0 4 128 0 0 0 32 16 0 0 2 2 4 4 Left [0]
232 4588 512 4 0 0 128 0 0 0 32 16 2 0 4 8 0 0 Down [0]
233 4588 512 0 2 0 128 4 0 0 32 16 0 0 4 8 2 0 Up [0]
234 4592 512 4 4 2 128 16 0 0 32 8 0 0 4 0 0 0 Left [0]
235 4600 512 8 2 0 128 16 0 0 32 8 0 2 4 0 0 0 Left [0]
236 4600 512 8 2 0 128 16 0 0 32 8 2 0 4 4 0 0 Left [0]
237 4608 512 8 2 0 128 16 2 0 32 8 2 0 8 0 0 0 Down [0]
238 4612 512 0 0 0 128 8 0 2 32 16 2 0 8 8 4 0 Left [0]
239 4628 512 0 0 0 128 8 2 0 32 16 2 2 16 4 0 0 Down [0]
240 4632 512 0 0 0 128 8 4 0 32 16 0 0 16 4 4 2 Left [0]
241 4640 512 0 0 0 128 8 4 2 32 16 0 0 16 8 2 0 Down [0]
242 4640 512 0 0 0 128 8 0 2 32 16 4 0 16 8 2 2 Left [0]
243 4644 512 0 0 0 128 8 2 0 32 16 4 0 16 8 4 4 Down [0]
244 4652 512 0 4 0 128 8 0 0 32 16 2 0 16 8 8 4 Left [0]
245 4668 512 4 0 0 128 8 0 0 32 16 2 2 16 16 4 0 Left [0]
246 4704 512 4 0 0 128 8 4 0 32 16 4 0 32 4 0 0 Up [0]
247 4776 512 4 8 0 128 8 0 0 64 16 0 2 0 4 0 0 Up [0]
248 4776 512 4 8 2 128 8 0 0 64 16 0 0 0 4 0 2 Left [0]
249 4776 512 4 8 2 128 8 0 4 64 16 0 0 4 2 0 0 Left [0]
250 4776 512 4 8 2 128 8 4 0 64 16 0 0 4 2 0 2 Left [0]
251 4780 512 4 8 2 128 8 4 0 64 16 4 0 4 4 0 0 Left [0]
252 4788 512 4 8 2 128 8 4 0 64 16 4 0 8 2 0 0 Down [0]
253 4796 512 4 2 0 128 8 0 0 64 16 8 0 8 2 8 2 Up [0]
254 4812 512 4 2 2 128 8 16 0 64 16 4 0 8 2 0 0 Left [0]
255 4816 512 4 4 4 128 8 16 0 64 16 4 0 8 2 0 0 Left [0]
256 4824 512 8 4 0 128 8 16 2 64 16 4 0 8 2 0 0 Down [0]
257 4840 512 0 0 0 128 16 4 4 64 16 16 0 8 2 4 2 Left [0]
258 4880 512 0 0 0 128 16 8 0 64 32 2 0 8 2 4 2 Up [0]
259 4880 512 16 8 2 128 32 2 2 64 2 4 0 8 0 0 0 Down [0]
260 4884 512 2 0 0 128 16 8 0 64 32 2 0 8 2 4 4 Left [0]
261 4892 512 2 0 0 128 16 8 2 64 32 2 0 8 2 8 0 Up [0]
262 4892 512 2 8 2 128 16 2 0 64 32 8 2 8 2 0 0 Down [0]
263 4896 512 2 2 0 128 16 8 0 64 32 2 0 8 2 8 4 Up [0]
264 4896 512 2 2 4 128 16 8 0 64 32 2 4 8 2 8 0 Left [0]
265 4900 512 4 4 4 128 16 8 0 64 32 2 4 8 2 8 0 Left [0]
266 4908 512 8 4 0 128 16 8 0 64 32 2 4 8 2 8 4 Up [0]
267 4916 512 8 4 8 128 16 8 0 64 32 2 2 8 2 8 0 Left [0]
268 4920 512 8 4 8 128 16 8 0 64 32 4 4 8 2 8 0 Left [0]
269 4928 512 8 4 8 128 16 8 2 64 32 8 0 8 2 8 0 Up [0]
270 4944 512 8 4 8 128 16 16 2 64 32 8 0 8 2 2 0 Left [0]
271 4980 512 8 4 8 128 32 2 0 64 32 8 0 8 4 4 0 Down [0]
272 5044 512 2 4 0 128 8 2 0 64 64 8 0 8 4 4 8 Left [0]
273 5180 512 2 4 2 128 8 2 0 128 8 0 0 8 8 8 0 Up [0]
274 5452 512 2 4 2 256 16 2 0 8 8 8 0 0 0 0 4 Up [0]
275 5452 512 2 4 2 256 16 2 4 8 8 8 0 2 0 0 0 Left [0]
276 5468 512 2 4 2 256 16 2 4 16 8 0 0 2 0 4 0 Left [0]
277 5468 512 2 4 2 256 16 2 4 16 8 4 0 2 4 0 0 Down [0]
278 5468 512 2 0 0 256 16 4 4 16 8 2 2 2 4 4 4 Left [0]
279 5488 512 2 0 0 256 16 8 0 16 8 4 0 2 8 4 2 Up [0]
280 5512 512 2 8 2 256 16 8 0 16 16 0 0 2 0 0 2 Left [0]
281 5548 512 2 8 2 256 16 8 0 32 0 0 2 4 0 0 0 Left [0]
282 5548 512 2 8 2 256 16 8 0 32 2 0 0 4 0 0 2 Left [0]
283 5548 512 2 8 2 256 16 8 0 32 2 0 0 4 2 2 0 Down [0]
284 5568 512 0 2 0 256 2 0 0 32 16 16 0 4 4 2 2 Left [0]
285 5612 512 2 0 0 256 2 0 0 32 32 0 0 8 4 0 2 Left [0]
286 5676 512 2 0 2 256 2 0 0 64 0 0 0 8 4 2 0 Up [0]
287 5680 512 4 2 2 256 4 0 0 64 0 0 0 8 0 2 0 Left [0]
288 5684 512 4 4 0 256 4 0 0 64 0 0 0 8 2 4 0 Down [0]
289 5700 512 0 0 0 256 0 0 0 64 8 0 4 8 2 8 0 Left [0]
290 5700 512 2 0 0 256 0 0 0 64 8 4 0 8 2 8 0 Up [0]
291 5700 512 2 4 0 256 8 8 0 64 2 4 0 8 0 0 0 Left [0]
292 5716 512 2 4 0 256 16 4 0 64 2 4 0 8 0 0 0 Down [0]
293 5724 512 2 0 0 256 2 0 0 64 16 4 0 8 2 8 0 Up [0]
294 5728 512 4 4 0 256 16 8 2 64 2 0 0 8 0 0 0 Left [0]
295 5736 512 8 0 0 256 16 8 2 64 2 0 0 8 0 4 0 Left [0]
296 5736 512 8 0 2 256 16 8 2 64 2 0 0 8 4 0 0 Left [0]
297 5736 512 8 2 2 256 16 8 2 64 2 0 0 8 4 0 0 Left [0]
298 5740 512 8 4 0 256 16 8 2 64 2 0 0 8 4 2 0 Up [0]
299 5740 512 8 4 2 256 16 8 0 64 2 2 2 8 4 0 0 Left [0]
300 5744 512 8 4 2 256 16 8 0 64 4 2 0 8 4 4 0 Down [0]
301 5752 512 2 4 0 256 8 8 0 64 16 2 0 8 8 4 2 Left [0]
302 5784 512 2 4 0 256 16 0 4 64 16 2 0 16 4 2 0 Down [0]
303 5820 512 0 0 0 256 2 0 0 64 32 4 4 16 4 4 4 Left [0]
304 5836 512 0 0 0 256 2 0 0 64 32 8 0 16 8 4 4 Left [0]
305 5844 512 0 4 0 256 2 0 0 64 32 8 0 16 8 8 0 Left [0]
306 5860 512 4 0 0 256 2 0 0 64 32 8 2 16 16 0 0 Left [0]
307 5892 512 4 0 4 256 2 0 0 64 32 8 2 32 0 0 0 Down [0]
308 5892 512 0 0 0 256 4 0 4 64 2 0 4 32 32 8 2 Left [0]
309 5964 512 0 0 0 256 8 0 0 64 2 4 2 64 8 2 0 Up [0]
310 6092 512 8 4 2 256 2 2 0 128 8 0 0 4 0 0 0 Left [0]
311 6096 512 8 4 2 256 4 4 0 128 8 0 0 4 0 0 0 Left [0]
312 6104 512 8 4 2 256 8 4 0 128 8 0 0 4 0 0 0 Up [0]
313 6128 512 16 8 2 256 8 0 0 128 0 0 0 4 4 0 0 Left [0]
314 6136 512 16 8 2 256 8 0 0 128 2 0 0 8 0 0 0 Down [0]
315 6136 512 0 0 0 256 16 0 0 128 8 4 0 8 2 8 2 Up [0]
316 6136 512 16 4 2 256 8 8 0 128 2 0 0 8 0 0 2 Left [0]
317 6152 512 16 4 2 256 16 0 0 128 2 2 0 8 2 0 0 Left [0]
318 6156 512 16 4 2 256 16 0 0 128 4 0 2 8 2 0 0 Left [0]
319 6156 512 16 4 2 256 16 0 0 128 4 2 4 8 2 0 0 Down [0]
320 6188 512 4 0 0 256 32 0 0 128 4 4 2 8 2 2 4 Left [0]
321 6200 512 4 0 0 256 32 0 0 128 8 2 0 8 4 4 2 Left [0]
322 6208 512 4 0 0 256 32 4 0 128 8 2 0 8 8 2 0 Left [0]
323 6224 512 4 0 0 256 32 4 4 128 8 2 0 16 2 0 0 Down [0]
324 6224 512 4 0 0 256 32 0 0 128 8 4 2 16 2 2 4 Left [0]
325 6228 512 4 0 0 256 32 4 0 128 8 4 2 16 4 4 0 Left [0]
326 6236 512 4 0 4 256 32 4 0 128 8 4 2 16 8 0 0 Up [0]
327 6260 512 4 8 4 256 32 0 2 128 16 0 0 16 2 0 0 Left [0]
328 6260 512 4 8 4 256 32 2 0 128 16 0 4 16 2 0 0 Down [0]
329 6268 512 4 0 0 256 32 0 0 128 16 8 2 16 2 2 8 Left [0]
330 6272 512 4 4 0 256 32 0 0 128 16 8 2 16 4 8 0 Left [0]
331 6280 512 8 4 0 256 32 0 0 128 16 8 2 16 4 8 0 Down [0]
332 6296 512 8 0 0 256 32 0 2 128 16 4 0 16 4 16 2 Left [0]
333 6296 512 8 0 0 256 32 2 0 128 16 4 4 16 4 16 2 Up [0]
334 6296 512 8 2 4 256 32 4 2 128 16 16 2 16 4 0 0 Left [0]
335 6328 512 8 2 4 256 32 4 2 128 32 2 4 16 4 0 0 Down [0]
336 6392 512 0 0 2 256 8 2 4 128 64 4 2 16 4 2 4 Left [0]
337 6392 512 2 2 0 256 8 2 4 128 64 4 2 16 4 2 4 Up [0]
338 6396 512 2 4 4 256 8 4 2 128 64 2 4 16 4 0 2 Left [0]
339 6404 512 2 8 4 256 8 4 2 128 64 2 4 16 4 2 0 Down [0]
340 6408 512 2 2 0 256 8 8 4 128 64 4 2 16 4 4 4 Left [0]
341 6436 512 4 2 0 256 16 4 0 128 64 4 2 16 8 4 0 Down [0]
342 6444 512 4 0 0 256 16 2 2 128 64 4 0 16 8 8 2 Left [0]
343 6464 512 4 4 0 256 16 4 0 128 64 4 0 16 16 2 0 Left [0]
344 6504 512 8 2 0 256 16 4 0 128 64 4 0 32 2 0 0 Up [0]
345 6512 512 8 2 0 256 16 8 2 128 64 0 0 32 2 0 0 Up [0]
346 6512 512 8 2 2 256 16 8 0 128 64 0 0 32 2 0 2 Left [0]
347 6520 512 8 4 0 256 16 8 0 128 64 4 0 32 4 0 0 Down [0]
348 6520 512 8 0 0 256 16 4 0 128 64 8 2 32 4 4 0 Left [0]
349 6528 512 8 0 4 256 16 4 0 128 64 8 2 32 8 0 0 Down [0]
350 6528 512 8 2 0 256 16 0 0 128 64 4 4 32 8 8 2 Left [0]
351 6552 512 8 2 2 256 16 0 0 128 64 8 0 32 16 2 0 Down [0]
352 6552 512 8 0 0 256 16 2 0 128 64 8 2 32 16 2 2 Down [0]
353 6556 512 8 0 0 256 16 2 2 128 64 8 0 32 16 2 4 Left [0]
354 6560 512 8 2 0 256 16 4 0 128 64 8 0 32 16 2 4 Up [0]
355 6560 512 8 2 4 256 16 4 0 128 64 8 0 32 16 2 2 Left [0]
356 6564 512 8 2 4 256 16 4 0 128 64 8 4 32 16 4 0 Down [0]
357 6572 512 8 2 0 256 16 4 2 128 64 8 0 32 16 4 8 Up [0]
358 6572 512 8 2 2 256 16 4 8 128 64 8 4 32 16 4 0 Left [0]
359 6576 512 8 4 4 256 16 4 8 128 64 8 4 32 16 4 0 Down [0]
360 6584 512 8 4 0 256 16 8 4 128 64 8 8 32 16 4 4 Left [0]
361 6608 512 8 4 0 256 16 8 4 128 64 16 2 32 16 8 0 Up [0]
362 6608 512 8 4 4 256 16 8 2 128 64 16 4 32 16 8 0 Left [0]
363 6616 512 8 8 2 256 16 8 2 128 64 16 4 32 16 8 0 Left [0]
364 6632 512 16 2 0 256 16 8 2 128 64 16 4 32 16 8 4 Down [0]
365 6672 512 0 2 0 256 32 8 2 128 64 16 2 32 16 8 8 Left [0]
366 6688 512 2 2 0 256 32 8 2 128 64 16 2 32 16 16 0 Left [0]
367 6724 512 4 0 0 256 32 8 2 128 64 16 2 32 32 0 4 Left [0]
368 6788 512 4 0 0 256 32 8 2 128 64 16 2 64 4 0 2 Up [0]
369 6792 512 4 8 4 256 32 16 2 128 64 2 0 64 4 0 0 Down [0]
370 6792 512 4 0 2 256 32 8 0 128 64 16 4 64 4 2 2 Left [0]
371 6796 512 4 2 0 256 32 8 4 128 64 16 4 64 4 4 0 Left [0]
372 6804 512 4 2 0 256 32 8 4 128 64 16 4 64 8 2 0 Up [0]
373 6812 512 4 2 8 256 32 8 2 128 64 16 0 64 8 2 0 Down [0]
374 6812 512 4 2 0 256 32 8 4 128 64 16 8 64 8 2 2 Left [0]
375 6816 512 4 2 4 256 32 8 4 128 64 16 8 64 8 4 0 Up [0]
376 6824 512 4 2 8 256 32 8 8 128 64 16 2 64 8 4 0 Left [0]
377 6840 512 4 2 8 256 32 16 2 128 64 16 2 64 8 4 0 Up [0]
378 6876 512 4 2 8 256 32 32 4 128 64 4 0 64 8 0 2 Left [0]
379 6940 512 4 2 8 256 64 4 0 128 64 4 0 64 8 2 4 Down [0]
380 7076 512 0 0 0 256 4 2 2 128 128 8 8 64 8 2 4 Left [0]
381 7352 512 0 0 0 256 4 4 2 256 16 0 0 64 8 2 4 Up [0]
382 7864 512 4 4 2 512 16 2 4 64 8 0 0 0 0 0 4 Up [0]
383 8896 1024 4 4 2 64 16 2 8 0 8 0 0 2 0 0 0 Left [0]
384 8904 1024 8 2 0 64 16 2 8 8 0 0 0 2 0 0 2 Left [0]
385 8908 1024 8 2 0 64 16 2 8 8 0 0 0 4 2 0 0 Down [0]
386 8912 1024 0 0 0 64 8 2 0 8 16 0 0 4 2 4 8 Up [0]
387 8912 1024 8 2 8 64 16 4 0 8 2 0 0 4 0 0 2 Left [0]
388 8912 1024 8 2 8 64 16 4 4 8 2 0 0 4 2 0 0 Down [0]
389 8916 1024 0 4 0 64 8 0 0 8 16 2 8 4 4 4 4 Left [0]
390 8932 1024 4 0 0 64 8 0 0 8 16 2 8 8 8 0 2 Left [0]
391 8948 1024 4 2 0 64 8 0 0 8 16 2 8 16 2 0 0 Up [0]
392 8952 1024 4 4 8 64 8 0 0 8 16 0 4 16 2 0 0 Left [0]
393 8960 1024 8 8 0 64 8 0 0 8 16 4 2 16 2 0 0 Down [0]
394 8976 1024 0 0 2 64 16 0 0 8 16 8 0 16 2 4 2 Down [0]
395 9012 1024 2 0 0 64 0 0 0 8 32 8 0 16 2 4 4 Up [0]
396 9012 1024 2 8 4 64 32 4 0 8 2 4 0 16 0 0 0 Down [0]
397 9020 1024 0 4 0 64 2 0 0 8 32 8 0 16 2 8 4 Up [0]
398 9036 1024 2 4 4 64 32 16 2 8 2 0 0 16 0 0 0 Left [0]
399 9044 1024 2 8 0 64 32 16 2 8 2 0 0 16 2 0 0 Down [0]
400 9048 1024 0 0 0 64 2 0 0 8 32 8 2 16 4 16 2 Up [0]
401 9052 1024 2 8 4 64 32 16 0 8 4 0 0 16 0 4 0 Left [0]
402 9052 1024 2 8 4 64 32 16 0 8 4 0 4 16 4 0 0 Up [0]
403 9068 1024 2 8 8 64 32 16 0 8 8 0 0 16 0 0 4 Left [0]
404 9100 1024 2 16 0 64 32 16 2 16 0 0 0 16 4 0 0 Up [0]
405 9164 1024 2 32 2 64 32 0 0 32 4 2 0 0 0 0 0 Up [0]
406 9164 1024 2 32 2 64 32 2 0 32 4 4 0 0 0 0 0 Left [0]
407 9172 1024 2 32 2 64 32 2 4 32 8 0 0 0 0 0 0 Down [0]
408 9172 0 0 0 0 1024 2 0 2 64 32 32 2 32 8 2 4 Up [0]
409 9176 1024 2 32 4 64 32 2 4 32 8 0 0 0 0 0 2 Left [0]
410 9176 1024 2 32 4 64 32 2 4 32 8 0 0 2 2 0 0 Left [0]
411 9180 1024 2 32 4 64 32 2 4 32 8 0 4 4 0 0 0 Down [0]
412 9188 1024 0 4 0 64 2 0 0 32 32 32 4 4 8 2 8 Left [0]
413 9252 1024 4 0 0 64 2 0 2 64 32 4 0 4 8 2 8 Left [0]
414 9256 1024 4 2 0 64 4 0 0 64 32 4 0 4 8 2 8 Up [0]
415 9392 1024 8 2 8 128 32 4 0 4 8 2 0 0 0 0 4 Left [0]
416 9392 1024 8 2 8 128 32 4 2 4 8 2 0 4 0 0 0 Up [0]
417 9400 1024 8 2 8 128 32 4 2 8 8 2 0 4 0 0 0 Left [0]
418 9416 1024 8 2 8 128 32 4 2 16 2 0 0 4 0 0 2 Left [0]
419 9416 1024 8 2 8 128 32 4 2 16 2 0 0 4 2 4 0 Down [0]
420 9428 1024 0 2 0 128 8 0 0 16 32 2 8 4 4 8 2 Left [0]
421 9436 1024 2 0 0 128 8 0 0 16 32 2 8 8 8 2 4 Up [0]
422 9440 1024 2 4 8 128 8 0 4 16 32 0 0 8 8 2 0 Left [0]
423 9456 1024 2 4 8 128 8 4 4 16 32 0 0 16 2 0 0 Up [0]
424 9496 1024 2 8 8 128 8 0 4 32 32 0 0 0 2 0 4 Left [0]
425 9576 1024 2 16 0 128 8 4 0 64 4 0 0 2 4 0 0 Up [0]
426 9584 1024 2 16 0 128 8 4 0 64 8 0 0 2 0 2 0 Up [0]
427 9600 1024 2 16 0 128 16 4 0 64 4 2 0 2 0 0 0 Down [0]
428 9600 1024 0 0 0 128 2 16 0 64 16 4 2 2 4 2 0 Up [0]
429 9600 1024 2 16 2 128 16 4 0 64 4 2 0 2 0 2 0 Left [0]
430 9604 1024 2 16 2 128 16 4 0 64 4 2 0 4 0 4 0 Down [0]
431 9604 1024 0 16 2 128 2 4 0 64 16 2 0 4 4 4 2 Left [0]
432 9612 1024 16 2 0 128 2 4 0 64 16 2 4 8 4 2 0 Down [0]
433 9616 1024 16 0 4 128 2 2 0 64 16 4 0 8 4 4 4 Left [0]
434 9628 1024 16 4 0 128 4 2 0 64 16 4 0 8 8 4 0 Left [0]
435 9644 1024 16 4 0 128 4 2 4 64 16 4 0 16 4 0 0 Down [0]
436 9644 1024 16 0 0 128 4 4 4 64 16 2 0 16 4 4 4 Left [0]
437 9660 1024 16 0 0 128 8 4 0 64 16 2 0 16 8 4 2 Up [0]
438 9660 1024 16 4 2 128 8 2 4 64 16 4 0 16 8 0 0 Down [0]
439 9660 1024 16 4 0 128 8 4 0 64 16 2 2 16 8 4 4 Left [0]
440 9672 1024 16 4 0 128 8 4 0 64 16 4 2 16 8 8 0 Left [0]
441 9688 1024 16 4 0 128 8 4 0 64 16 4 2 16 16 0 2 Left [0]
442 9720 1024 16 4 0 128 8 4 0 64 16 4 2 32 2 0 2 Up [0]
443 9732 1024 16 8 4 128 8 4 4 64 16 0 0 32 2 0 0 Left [0]
444 9740 1024 16 8 4 128 8 8 0 64 16 4 0 32 2 0 0 Left [0]
445 9756 1024 16 8 4 128 16 0 4 64 16 4 0 32 2 0 0 Down [0]
446 9796 1024 0 0 2 128 16 0 0 64 32 8 0 32 2 4 8 Up [0]
447 9796 1024 16 8 2 128 32 4 8 64 2 0 0 32 0 0 4 Left [0]
448 9796 1024 16 8 2 128 32 4 8 64 2 2 0 32 4 0 0 Left [0]
449 9800 1024 16 8 2 128 32 4 8 64 4 0 0 32 4 4 0 Down [0]
450 9816 1024 0 0 0 128 16 0 4 64 32 8 2 32 8 8 8 Left [0]
451 9832 1024 0 0 0 128 16 4 0 64 32 8 2 32 16 8 4 Down [0]
452 9848 1024 0 0 0 128 16 0 4 64 32 4 2 32 16 16 4 Left [0]
453 9880 1024 0 0 0 128 16 4 0 64 32 4 2 32 32 4 4 Left [0]
454 9952 1024 0 0 0 128 16 4 2 64 32 4 2 64 8 0 0 Up [0]
455 10092 1024 16 8 4 128 32 0 0 128 8 0 0 0 0 4 0 Up [0]
456 10348 1024 16 8 4 256 32 4 0 0 8 0 0 0 4 0 0 Left [0]
457 10348 1024 16 8 4 256 32 4 0 8 0 0 0 4 0 2 0 Left [0]
458 10348 1024 16 8 4 256 32 4 0 8 0 0 0 4 2 0 2 Left [0]
459 10352 1024 16 8 4 256 32 4 0 8 4 0 0 4 4 0 0 Left [0]
460 10360 1024 16 8 4 256 32 4 0 8 4 2 0 8 0 0 0 Up [0]
461 10376 1024 16 8 4 256 32 4 0 16 4 2 0 0 0 2 0 Left [0]
462 10376 1024 16 8 4 256 32 4 0 16 4 2 2 2 0 0 0 Left [0]
463 10380 1024 16 8 4 256 32 4 0 16 4 4 2 2 0 0 0 Left [0]
464 10388 1024 16 8 4 256 32 4 4 16 8 2 0 2 0 0 0 Left [0]
465 10396 1024 16 8 4 256 32 8 0 16 8 2 4 2 0 0 0 Up [0]
466 10420 1024 16 16 8 256 32 2 0 16 8 4 0 2 0 0 0 Left [0]
467 10452 1024 32 8 0 256 32 2 0 16 8 4 0 2 2 0 0 Down [0]
468 10516 1024 0 0 0 256 64 8 0 16 8 2 0 2 2 4 2 Left [0]
469 10520 1024 0 0 0 256 64 8 0 16 8 2 0 4 4 2 2 Left [0]
470 10532 1024 0 0 0 256 64 8 0 16 8 2 0 8 4 0 2 Down [0]
471 10532 1024 0 0 0 256 64 2 0 16 8 8 0 8 4 2 2 Left [0]
472 10552 1024 0 0 0 256 64 2 0 16 16 0 2 8 4 4 0 Left [0]
473 10592 1024 0 0 0 256 64 2 0 32 2 0 0 8 8 0 2 Left [0]
474 10608 1024 0 0 0 256 64 2 0 32 2 0 0 16 2 4 0 Down [0]
475 10612 1024 0 0 0 256 0 0 2 32 64 2 0 16 4 4 0 Left [0]
476 10620 1024 0 0 0 256 2 2 0 32 64 2 0 16 8 0 0 Down [0]
477 10624 1024 0 0 4 256 2 0 0 32 64 0 0 16 8 4 0 Down [0]
478 10624 1024 0 0 0 256 2 2 0 32 64 0 0 16 8 4 4 Left [0]
479 10636 1024 0 0 0 256 4 0 0 32 64 4 0 16 8 8 0 Left [0]
480 10652 1024 0 0 0 256 4 0 0 32 64 4 2 16 16 0 0 Left [0]
481 10684 1024 0 0 0 256 4 4 0 32 64 4 2 32 0 0 0 Up [0]
482 10756 1024 4 8 2 256 64 0 0 64 0 0 0 0 0 2 0 Left [0]
483 10756 1024 4 8 2 256 64 0 0 64 0 0 0 2 0 0 4 Down [0]
484 10756 1024 0 0 0 256 0 0 2 64 4 0 2 2 64 8 4 Left [0]
485 10756 1024 0 0 0 256 2 0 0 64 4 2 2 2 64 8 4 Up [0]
486 10756 1024 2 2 2 256 4 8 4 64 64 0 4 2 0 0 0 Left [0]
487 10888 1024 4 2 0 256 4 8 4 128 4 4 0 2 0 0 0 Up [0]
488 10896 1024 8 2 4 256 4 8 0 128 0 4 0 2 0 0 4 Left [0]
489 10896 1024 8 2 4 256 4 8 0 128 4 0 2 2 4 0 0 Down [0]
490 10904 1024 0 0 0 256 8 4 0 128 4 2 4 2 8 8 2 Left [0]
491 10920 1024 2 0 0 256 8 4 0 128 4 2 4 2 16 2 0 Up [0]
492 10924 1024 2 4 4 256 8 4 2 128 4 0 0 2 16 0 0 Left [0]
493 10932 1024 2 8 4 256 8 4 2 128 4 0 0 2 16 0 0 Down [0]
494 10932 1024 2 0 0 256 8 4 0 128 4 8 4 2 16 4 2 Up [0]
495 10932 1024 2 4 4 256 8 8 2 128 4 4 0 2 16 4 0 Left [0]
496 10964 1024 2 8 0 256 16 2 0 128 8 0 4 2 16 4 0 Down [0]
497 10964 1024 2 2 0 256 16 8 0 128 8 2 0 2 16 4 4 Left [0]
498 10976 1024 4 0 0 256 16 8 0 128 8 2 4 2 16 8 0 Up [0]
499 10976 1024 4 8 4 256 16 2 4 128 8 8 0 2 16 0 0 Left [0]
500 10992 1024 4 8 4 256 16 2 4 128 16 4 0 2 16 0 0 Down [0]
501 11032 1024 0 0 0 256 4 8 0 128 16 2 2 2 32 4 8 Up [0]
502 11032 1024 4 8 2 256 16 2 8 128 32 4 0 2 4 0 0 Down [0]
503 11032 1024 4 0 0 256 16 8 2 128 32 2 2 2 4 4 8 Left [0]
504 11044 1024 4 0 4 256 16 8 2 128 32 4 0 2 8 8 0 Up [0]
505 11044 1024 4 8 4 256 16 4 2 128 32 8 0 2 8 2 0 Down [0]
506 11044 1024 4 8 2 256 16 4 0 128 32 8 4 2 8 2 2 Left [0]
507 11048 1024 4 8 2 256 16 4 0 128 32 8 4 2 8 4 4 Left [0]
508 11056 1024 4 8 2 256 16 4 0 128 32 8 4 2 8 8 2 Left [0]
509 11072 1024 4 8 2 256 16 4 2 128 32 8 4 2 16 2 0 Up [0]
510 11076 1024 4 8 4 256 16 4 4 128 32 8 0 2 16 2 4 Left [0]
511 11084 1024 4 8 4 256 16 8 4 128 32 8 0 2 16 2 4 Down [0]
512 11108 1024 4 0 4 256 16 8 0 128 32 16 4 2 16 2 8 Up [0]
513 11116 1024 4 8 8 256 16 16 8 128 32 2 0 2 16 2 0 Left [0]
514 11164 1024 4 16 0 256 32 8 0 128 32 2 4 2 16 2 0 Up [0]
515 11232 1024 4 16 4 256 64 8 0 128 16 4 0 2 0 0 4 Left [0]
516 11232 1024 4 16 4 256 64 8 0 128 16 4 2 2 4 0 0 Down [0]
517 11232 1024 4 4 0 256 64 16 0 128 16 8 4 2 4 4 2 Left [0]
518 11248 1024 8 0 4 256 64 16 0 128 16 8 4 2 8 2 0 Up [0]
519 11256 1024 8 16 8 256 64 8 0 128 16 2 2 2 8 0 0 Left [0]
520 11260 1024 8 16 8 256 64 8 0 128 16 4 0 2 8 0 4 Left [0]
521 11260 1024 8 16 8 256 64 8 2 128 16 4 0 2 8 4 0 Up [0]
522 11268 1024 8 16 8 256 64 8 2 128 16 8 0 2 8 4 0 Down [0]
523 11284 1024 8 0 0 256 64 16 4 128 16 16 8 2 8 4 2 Left [0]
524 11316 1024 8 0 4 256 64 16 4 128 32 8 0 2 8 4 2 Up [0]
525 11324 1024 8 16 8 256 64 8 2 128 32 4 0 2 8 0 2 Left [0]
526 11324 1024 8 16 8 256 64 8 2 128 32 4 4 2 8 2 0 Left [0]
527 11332 1024 8 16 8 256 64 8 2 128 32 8 2 2 8 2 0 Down [0]
528 11352 1024 8 0 0 256 64 16 2 128 32 16 8 2 8 2 4 Down [0]
529 11384 1024 8 2 0 256 64 0 2 128 32 32 8 2 8 2 4 Left [0]
530 11448 1024 8 2 0 256 64 2 2 128 64 8 0 2 8 2 4 Down [0]
531 11580 1024 0 0 0 256 8 4 2 128 128 8 2 2 8 2 4 Left [0]
532 11836 1024 0 0 0 256 8 4 2 256 8 2 4 2 8 2 4 Up [0]
533 12376 1024 16 4 2 512 8 4 8 2 0 0 4 0 0 0 0 Left [0]
534 12376 1024 16 4 2 512 8 4 8 2 4 4 0 0 0 0 0 Left [0]
535 12384 1024 16 4 2 512 8 4 8 2 8 0 0 0 0 0 2 Up [0]
536 12408 1024 16 8 2 512 16 0 8 2 4 0 2 0 0 0 0 Up [0]
537 12440 1024 32 8 2 512 4 0 8 2 0 0 2 4 0 0 0 Left [0]
538 12444 1024 32 8 2 512 4 8 0 4 0 0 4 4 0 0 0 Left [0]
539 12452 1024 32 8 2 512 4 8 0 8 0 0 0 4 4 0 0 Up [0]
540 12476 1024 32 16 2 512 8 0 0 8 0 0 4 4 0 0 0 Left [0]
541 12476 1024 32 16 2 512 8 0 0 8 4 0 0 4 2 0 0 Down [0]
542 12476 1024 32 0 0 512 8 2 0 8 4 0 0 4 2 16 2 Up [0]
543 12476 1024 32 2 2 512 8 16 0 8 4 0 0 4 2 0 4 Left [0]
544 12480 1024 32 4 2 512 8 16 0 8 4 0 0 4 2 4 0 Up [0]
545 12480 1024 32 4 2 512 8 16 0 8 4 4 0 4 2 2 0 Left [0]
546 12492 1024 32 4 2 512 8 16 0 8 8 0 0 4 4 2 0 Left [0]
547 12516 1024 32 4 2 512 8 16 0 16 4 0 0 8 2 0 0 Down [0]
548 12516 1024 32 0 0 512 8 0 0 16 4 4 2 8 2 16 2 Up [0]
549 12520 1024 32 4 4 512 8 16 0 16 4 2 0 8 2 0 0 Left [0]
550 12528 1024 32 8 0 512 8 16 2 16 4 2 0 8 2 0 0 Down [0]
551 12528 1024 32 0 4 512 8 8 0 16 4 16 0 8 2 2 2 Left [0]
552 12548 1024 32 4 0 512 16 0 2 16 4 16 0 8 4 2 0 Left [0]
553 12548 1024 32 4 2 512 16 2 0 16 4 16 0 8 4 2 0 Down [0]
554 12556 1024 2 4 0 512 32 2 0 16 16 16 0 8 8 2 2 Left [0]
555 12608 1024 2 4 4 512 32 2 0 32 16 0 0 16 4 0 0 Down [0]
556 12608 1024 2 0 0 512 32 0 4 32 16 4 0 16 4 2 4 Up [0]
557 12616 1024 2 4 8 512 32 2 0 32 16 2 0 16 4 0 0 Down [0]
558 12620 1024 2 0 0 512 32 4 0 32 16 4 0 16 4 4 8 Left [0]
559 12628 1024 2 0 0 512 32 4 0 32 16 4 2 16 8 8 0 Left [0]
560 12644 1024 2 0 4 512 32 4 0 32 16 4 2 16 16 0 0 Left [0]
561 12676 1024 2 4 0 512 32 4 0 32 16 4 2 32 4 0 0 Up [0]
562 12748 1024 2 8 2 512 32 4 0 64 16 0 0 0 4 4 0 Left [0]
563 12756 1024 2 8 2 512 32 4 0 64 16 0 0 8 0 2 0 Left [0]
564 12756 1024 2 8 2 512 32 4 2 64 16 0 0 8 2 0 0 Down [0]
565 12760 1024 2 0 0 512 32 0 4 64 16 8 0 8 2 4 4 Left [0]
566 12768 1024 2 0 0 512 32 4 0 64 16 8 0 8 2 8 4 Up [0]
567 12784 1024 2 4 4 512 32 16 0 64 16 4 0 8 2 0 0 Left [0]
568 12792 1024 2 8 0 512 32 16 0 64 16 4 2 8 2 0 0 Down [0]
569 12792 1024 2 0 0 512 32 8 0 64 16 16 2 8 2 4 2 Left [0]
570 12824 1024 2 0 0 512 32 8 0 64 32 2 4 8 2 4 2 Down [0]
571 12888 1024 4 0 0 512 2 8 0 64 64 2 4 8 2 4 2 Left [0]
572 13016 1024 4 0 0 512 2 8 4 128 2 4 0 8 2 4 2 Up [0]
573 13028 1024 4 8 4 512 4 8 2 128 2 0 0 8 0 4 0 Left [0]
574 13028 1024 4 8 4 512 4 8 2 128 2 0 0 8 4 4 0 Left [0]
575 13036 1024 4 8 4 512 4 8 2 128 2 4 0 8 8 0 0 Left [0]
576 13052 1024 4 8 4 512 4 8 2 128 2 4 2 16 0 0 0 Down [0]
577 13080 1024 0 0 0 512 0 2 0 128 8 16 4 16 2 4 4 Up [0]
578 13088 1024 8 2 8 512 2 16 0 128 0 4 0 16 2 0 0 Left [0]
579 13088 1024 8 2 8 512 2 16 0 128 4 2 0 16 2 0 0 Down [0]
580 13088 1024 8 0 0 512 2 2 0 128 4 16 4 16 2 2 8 Left [0]
581 13096 1024 8 0 0 512 4 2 0 128 4 16 4 16 4 8 0 Down [0]
582 13104 1024 2 0 0 512 8 2 0 128 4 16 0 16 8 8 4 Left [0]
583 13120 1024 2 0 0 512 8 2 0 128 4 16 4 16 16 4 0 Left [0]
584 13152 1024 2 0 2 512 8 2 0 128 4 16 4 32 4 0 0 Down [0]
585 13160 1024 0 0 0 512 2 0 4 128 8 2 2 32 8 16 4 Down [0]
586 13176 1024 0 0 0 512 2 0 4 128 2 2 2 32 16 16 4 Left [0]
587 13212 1024 0 0 2 512 2 4 0 128 4 2 0 32 32 4 0 Left [0]
588 13276 1024 2 0 0 512 2 4 2 128 4 2 0 64 4 0 0 Down [0]
589 13288 1024 0 0 0 512 0 0 2 128 4 4 0 64 8 2 2 Left [0]
590 13300 1024 0 0 0 512 2 0 0 128 8 0 0 64 8 4 4 Left [0]
591 13308 1024 0 0 4 512 2 0 0 128 8 0 0 64 8 8 0 Down [0]
592 13324 1024 4 0 0 512 0 0 0 128 2 0 0 64 16 8 4 Down [0]
593 13324 1024 0 0 0 512 4 0 0 128 2 0 4 64 16 8 4 Down [0]
594 13332 1024 0 0 0 512 4 0 0 128 2 2 0 64 16 8 8 Left [0]
595 13352 1024 0 4 0 512 4 0 0 128 4 0 0 64 16 16 0 Left [0]
596 13384 1024 4 0 0 512 4 4 0 128 4 0 0 64 32 0 0 Down [0]
597 13392 1024 0 0 4 512 4 0 0 128 8 0 0 64 32 4 0 Down [0]
598 13392 1024 0 0 0 512 4 0 0 128 8 0 4 64 32 4 4 Left [0]
599 13400 1024 0 0 0 512 4 0 4 128 8 4 0 64 32 8 0 Down [0]
600 13400 1024 0 0 0 512 4 0 0 128 8 4 2 64 32 8 4 Up [0]
601 13400 1024 4 4 2 512 8 8 4 128 32 0 0 64 4 0 0 Down [0]
602 13400 1024 4 0 0 512 8 4 0 128 32 4 2 64 4 8 4 Down [0]
603 13408 1024 4 0 4 512 8 0 0 128 32 8 2 64 4 8 4 Down [0]
604 13424 1024 4 0 2 512 8 0 4 128 32 0 2 64 4 16 4 Up [0]
605 13424 1024 4 16 2 512 8 0 4 128 32 0 2 64 4 2 4 Left [0]
606 13424 1024 4 16 2 512 8 4 0 128 32 2 4 64 4 2 4 Down [0]
607 13436 1024 4 0 0 512 8 16 4 128 32 4 2 64 4 4 8 Left [0]
608 13444 1024 4 0 0 512 8 16 4 128 32 4 2 64 8 8 4 Left [0]
609 13460 1024 4 0 0 512 8 16 4 128 32 4 2 64 16 4 4 Down [0]
610 13468 1024 4 4 0 512 8 0 4 128 32 16 2 64 16 8 4 Up [0]
611 13468 1024 4 4 4 512 8 16 2 128 32 8 4 64 16 0 4 Left [0]
612 13476 1024 8 4 0 512 8 16 2 128 32 8 4 64 16 4 2 Down [0]
613 13492 1024 0 4 2 512 16 16 2 128 32 8 4 64 16 4 2 Left [0]
614 13524 1024 4 2 4 512 32 2 0 128 32 8 4 64 16 4 2 Down [0]
615 13600 1024 2 0 0 512 4 4 0 128 64 8 8 64 16 4 2 Left [0]
616 13624 1024 2 0 2 512 8 0 0 128 64 16 0 64 16 4 2 Up [0]
617 13628 1024 2 16 4 512 8 4 0 128 64 2 0 64 16 0 0 Down [0]
618 13628 1024 2 0 0 512 8 16 0 128 64 4 2 64 16 2 4 Up [0]
619 13628 1024 2 16 2 512 8 4 4 128 64 2 2 64 16 0 0 Left [0]
620 13640 1024 2 16 2 512 8 8 0 128 64 4 0 64 16 0 4 Left [0]
621 13656 1024 2 16 2 512 16 0 0 128 64 4 0 64 16 4 2 Down [0]
622 13668 1024 2 0 0 512 16 2 0 128 64 16 0 64 16 8 4 Up [0]
623 13668 1024 2 2 4 512 16 16 0 128 64 8 2 64 16 0 0 Left [0]
624 13704 1024 4 4 2 512 32 0 0 128 64 8 2 64 16 0 0 Left [0]
625 13712 1024 8 2 0 512 32 4 0 128 64 8 2 64 16 0 0 Up [0]
626 13712 1024 8 2 2 512 32 4 4 128 64 8 0 64 16 0 0 Left [0]
627 13724 1024 8 4 0 512 32 8 2 128 64 8 0 64 16 0 0 Up [0]
628 13740 1024 8 4 2 512 32 16 2 128 64 0 0 64 16 0 0 Up [0]
629 13744 1024 8 4 4 512 32 16 2 128 64 0 0 64 16 0 0 Left [0]
630 13752 1024 8 8 0 512 32 16 2 128 64 0 4 64 16 0 0 Left [0]
631 13768 1024 16 0 0 512 32 16 2 128 64 4 0 64 16 2 0 Up [0]
632 13768 1024 16 16 2 512 32 4 4 128 64 2 0 64 16 0 0 Left [0]
633 13808 1024 32 2 0 512 32 8 0 128 64 2 2 64 16 0 0 Down [0]
634 13872 1024 4 0 0 512 64 2 0 128 64 8 0 64 16 2 2 Down [0]
635 14000 1024 0 0 0 512 4 2 0 128 128 8 4 64 16 2 2 Left [0]
636 14260 1024 0 0 0 512 4 2 0 256 8 4 0 64 16 4 4 Up [0]
637 14268 1024 4 2 4 512 8 8 0 256 16 0 0 64 2 0 0 Left [0]
638 14284 1024 4 2 4 512 16 0 2 256 16 0 0 64 2 0 0 Down [0]
639 14316 1024 0 2 0 512 4 0 0 256 32 0 4 64 2 2 2 Left [0]
640 14320 1024 2 0 0 512 4 0 0 256 32 4 2 64 4 2 0 Down [0]
641 14320 1024 2 0 4 512 4 0 0 256 32 4 0 64 4 2 2 Left [0]
642 14324 1024 2 4 0 512 4 0 0 256 32 4 2 64 4 4 0 Left [0]
643 14332 1024 2 4 0 512 4 0 0 256 32 4 2 64 8 0 2 Down [0]
644 14344 1024 2 0 0 512 4 4 0 256 32 0 0 64 8 8 4 Left [0]
645 14368 1024 2 0 0 512 8 2 0 256 32 0 0 64 16 4 0 Down [0]
646 14368 1024 2 0 2 512 8 0 0 256 32 2 0 64 16 4 0 Down [0]
647 14368 1024 2 0 2 512 8 0 0 256 32 2 0 64 16 4 2 Down [0]
648 14372 1024 2 0 0 512 8 0 0 256 32 2 4 64 16 4 4 Left [0]
649 14380 1024 2 0 4 512 8 0 0 256 32 2 4 64 16 8 0 Left [0]
650 14380 1024 2 4 0 512 8 0 0 256 32 2 4 64 16 8 2 Down [0]
651 14380 1024 2 2 0 512 8 4 0 256 32 2 4 64 16 8 2 Left [0]
652 14384 1024 4 0 4 512 8 4 0 256 32 2 4 64 16 8 2 Up [0]
653 14392 1024 4 4 8 512 8 2 2 256 32 8 0 64 16 0 4 Left [0]
654 14404 1024 8 8 0 512 8 4 0 256 32 8 0 64 16 4 4 Down [0]
655 14420 1024 2 8 0 512 16 4 0 256 32 8 0 64 16 4 4 Left [0]
656 14428 1024 2 8 0 512 16 4 0 256 32 8 0 64 16 8 2 Down [0]
657 14444 1024 2 4 0 512 16 8 0 256 32 4 0 64 16 16 2 Left [0]
658 14476 1024 2 4 0 512 16 8 0 256 32 4 0 64 32 2 2 Down [0]
659 14540 1024 2 4 0 512 2 8 0 256 16 4 0 64 64 2 2 Left [0]
660 14672 1024 2 4 0 512 2 8 0 256 16 4 0 128 4 4 0 Left [0]
661 14680 1024 2 4 0 512 2 8 0 256 16 4 2 128 8 0 0 Down [0]
662 14684 1024 0 4 0 512 4 4 0 256 16 8 0 128 8 4 2 Down [0]
663 14692 1024 0 0 4 512 4 8 0 256 16 8 0 128 8 4 2 Down [0]
664 14708 1024 0 0 4 512 4 0 0 256 16 16 4 128 8 4 2 Left [0]
665 14740 1024 4 0 0 512 4 0 0 256 32 4 4 128 8 4 2 Down [0]
666 14756 1024 0 4 0 512 8 0 0 256 32 0 4 128 8 8 2 Down [0]
667 14756 1024 4 0 0 512 8 0 0 256 32 4 4 128 8 8 2 Left [0]
668 14780 1024 4 0 0 512 8 0 0 256 32 8 2 128 16 2 0 Down [0]
669 14780 1024 4 0 4 512 8 0 0 256 32 8 0 128 16 2 2 Left [0]
670 14792 1024 8 0 0 512 8 0 0 256 32 8 2 128 16 4 0 Down [0]
671 14808 1024 0 0 4 512 16 0 0 256 32 8 0 128 16 4 2 Down [0]
672 14808 1024 0 4 0 512 16 0 0 256 32 8 4 128 16 4 2 Down [0]
673 14808 1024 4 0 0 512 16 4 0 256 32 8 4 128 16 4 2 Up [0]
674 14808 1024 4 4 4 512 16 8 2 256 32 4 0 128 16 0 4 Down [0]
675 14808 1024 4 4 0 512 16 4 4 256 32 8 2 128 16 4 4 Left [0]
676 14832 1024 8 0 4 512 16 8 0 256 32 8 2 128 16 8 0 Down [0]
677 14848 1024 8 4 0 512 16 0 0 256 32 8 4 128 16 16 2 Left [0]
678 14880 1024 8 4 0 512 16 2 0 256 32 8 4 128 32 2 0 Down [0]
679 14944 1024 4 4 0 512 8 2 0 256 16 8 0 128 64 2 4 Left [0]
680 14952 1024 8 0 0 512 8 2 0 256 16 8 2 128 64 2 4 Down [0]
681 14968 1024 0 2 0 512 16 2 0 256 16 8 2 128 64 2 4 Down [0]
682 15004 1024 0 0 0 512 0 4 2 256 32 8 2 128 64 2 4 Down [0]
683 15008 1024 0 0 2 512 0 4 0 256 32 8 4 128 64 2 4 Down [0]
684 15016 1024 0 0 0 512 4 4 0 256 32 8 2 128 64 2 8 Left [0]
685 15024 1024 0 0 0 512 8 4 0 256 32 8 2 128 64 2 8 Up [0]
686 15024 1024 8 4 2 512 32 8 8 256 64 2 0 128 2 0 0 Down [0]
687 15024 1024 8 0 0 512 32 4 2 256 64 8 2 128 2 2 8 Left [0]
688 15028 1024 8 4 0 512 32 4 2 256 64 8 2 128 4 8 0 Up [0]
689 15056 1024 8 8 4 512 32 16 0 256 64 0 2 128 4 0 0 Left [0]
690 15072 1024 16 4 0 512 32 16 0 256 64 2 0 128 4 2 0 Down [0]
691 15076 1024 16 0 0 512 32 4 0 256 64 16 4 128 4 4 0 Left [0]
692 15084 1024 16 0 0 512 32 4 4 256 64 16 4 128 8 0 0 Down [0]
693 15092 1024 16 0 4 512 32 0 0 256 64 4 0 128 8 16 8 Up [0]
694 15092 1024 16 4 4 512 32 16 8 256 64 2 0 128 8 0 0 Left [0]
695 15100 1024 16 8 0 512 32 16 8 256 64 2 2 128 8 0 0 Left [0]
696 15104 1024 16 8 0 512 32 16 8 256 64 4 0 128 8 0 4 Left [0]
697 15104 1024 16 8 2 512 32 16 8 256 64 4 0 128 8 4 0 Down [0]
698 15112 1024 16 0 2 512 32 8 0 256 64 16 2 128 8 8 8 Left [0]
699 15128 1024 16 2 0 512 32 8 2 256 64 16 2 128 16 8 0 Down [0]
700 15132 1024 16 2 0 512 32 8 2 256 64 16 0 128 16 8 4 Down [0]
701 15132 1024 16 2 4 512 32 8 0 256 64 16 2 128 16 8 4 Down [0]
702 15132 1024 16 2 4 512 32 8 4 256 64 16 2 128 16 8 4 Up [0]
703 15140 1024 16 2 8 512 32 8 2 256 64 16 4 128 16 8 4 Down [0]
704 15148 1024 16 2 2 512 32 8 8 256 64 16 2 128 16 8 8 Left [0]
705 15184 1024 16 4 0 512 32 16 0 256 64 16 2 128 16 16 4 Up [0]
706 15216 1024 16 4 2 512 32 32 4 256 64 16 0 128 16 4 0 Left [0]
707 15280 1024 16 4 2 512 64 4 2 256 64 16 0 128 16 4 0 Down [0]
708 15420 1024 0 0 0 512 16 8 0 256 128 16 2 128 16 4 4 Left [0]
709 15428 1024 0 0 2 512 16 8 0 256 128 16 2 128 16 8 0 Down [0]
710 15432 1024 0 0 0 512 16 8 2 256 128 16 0 128 16 8 4 Down [0]
711 15432 1024 0 0 0 512 16 8 2 256 128 16 2 128 16 8 4 Down [0]
712 15436 1024 0 0 4 512 16 8 0 256 128 16 4 128 16 8 4 Down [0]
713 15444 1024 0 0 2 512 16 8 0 256 128 16 4 128 16 8 8 Left [0]
714 15460 1024 2 0 2 512 16 8 0 256 128 16 4 128 16 16 0 Left [0]
715 15496 1024 4 0 0 512 16 8 4 256 128 16 4 128 32 0 0 Down [0]
716 15504 1024 4 0 0 512 16 0 0 256 128 8 4 128 32 16 8 Up [0]
717 15504 1024 4 8 4 512 16 16 8 256 128 0 4 128 32 0 0 Down [0]
718 15504 1024 4 0 2 512 16 0 4 256 128 8 8 128 32 16 4 Left [0]
719 15520 1024 4 2 0 512 16 4 4 256 128 16 0 128 32 16 4 Down [0]
720 15560 1024 4 0 0 512 16 2 0 256 128 4 2 128 32 32 8 Left [0]
721 15624 1024 4 0 4 512 16 2 0 256 128 4 2 128 64 8 0 Down [0]
722 15624 1024 4 0 0 512 16 2 4 256 128 4 4 128 64 8 2 Left [0]
723 15632 1024 4 0 2 512 16 2 4 256 128 8 0 128 64 8 2 Down [0]
724 15648 1024 4 0 0 512 16 2 2 256 128 2 4 128 64 16 2 Down [0]
725 15652 1024 4 0 0 512 16 4 2 256 128 4 4 128 64 16 2 Down [0]
726 15660 1024 4 0 2 512 16 0 2 256 128 8 4 128 64 16 2 Left [0]
727 15660 1024 4 2 0 512 16 2 4 256 128 8 4 128 64 16 2 Down [0]
728 15672 1024 4 0 2 512 16 4 0 256 128 8 8 128 64 16 2 Left [0]
729 15688 1024 4 2 0 512 16 4 0 256 128 16 4 128 64 16 2 Down [0]
730 15720 1024 4 0 0 512 16 2 4 256 128 4 4 128 64 32 2 Down [0]
731 15728 1024 4 4 0 512 16 2 0 256 128 4 8 128 64 32 2 Up [0]
732 15728 1024 4 4 8 512 16 2 2 256 128 4 0 128 64 32 4 Left [0]
733 15740 1024 8 8 0 512 16 4 4 256 128 4 0 128 64 32 4 Down [0]
734 15756 1024 8 0 0 512 16 8 4 256 128 8 0 128 64 32 8 Down [0]
735 15772 1024 8 0 0 512 16 2 0 256 128 16 4 128 64 32 8 Up [0]
736 15772 1024 8 2 4 512 16 16 8 256 128 32 4 128 64 0 0 Left [0]
737 15804 1024 8 2 4 512 32 8 0 256 128 32 4 128 64 0 2 Down [0]
738 15812 1024 8 0 2 512 32 2 0 256 128 8 8 128 64 32 2 Left [0]
739 15828 1024 8 2 0 512 32 2 0 256 128 16 2 128 64 32 2 Down [0]
740 15836 1024 8 4 0 512 32 4 0 256 128 16 0 128 64 32 4 Down [0]
741 15844 1024 8 0 0 512 32 8 4 256 128 16 0 128 64 32 4 Down [0]
742 15852 1024 8 2 0 512 32 8 0 256 128 16 0 128 64 32 8 Up [0]
743 15852 1024 8 2 8 512 32 8 0 256 128 16 0 128 64 32 4 Up [0]
744 15852 1024 8 2 8 512 32 8 4 256 128 16 4 128 64 32 0 Up [0]
745 15860 1024 8 2 8 512 32 8 8 256 128 16 0 128 64 32 4 Left [0]
746 15876 1024 8 2 8 512 32 16 4 256 128 16 0 128 64 32 4 Down [0]
747 15916 1024 8 0 4 512 32 2 0 256 128 32 8 128 64 32 8 Down [0]
748 15996 1024 8 4 0 512 32 0 0 256 128 2 4 128 64 64 16 Left [0]
749 16124 1024 8 4 4 512 32 0 0 256 128 2 4 128 128 16 0 Left [0]
750 16388 1024 8 8 0 512 32 0 0 256 128 2 4 256 16 2 0 Up [0]
751 16904 1024 8 8 4 512 32 4 4 512 128 0 0 0 16 0 0 Up [0]
752 17936 1024 8 8 8 1024 32 4 0 0 128 0 4 0 16 0 0 Up [0]
753 19984 2048 8 8 8 4 32 4 4 0 128 0 0 0 16 0 0 WIN [-1]
