4 4
0 0 0 4 0 0 0 0 4 0 0 0 0 0 0 0 0 0 Left [0]
1 0 4 0 0 0 4 0 4 0 0 0 0 0 0 0 0 0 Up [0]
2 8 8 0 4 0 0 0 0 0 0 0 4 0 0 0 0 0 Up [0]
3 16 8 0 8 0 4 0 0 0 0 0 0 0 0 0 0 0 Left [0]
4 32 16 0 0 0 4 0 0 0 0 0 0 0 0 2 0 0 Left [0]
5 32 16 0 0 0 4 0 4 0 0 0 0 0 2 0 0 0 Left [0]
6 40 16 0 0 4 8 0 0 0 0 0 0 0 2 0 0 0 Left [0]
7 40 16 4 0 0 8 0 0 0 0 0 2 0 2 0 0 0 Left [0]
8 40 16 4 0 0 8 0 0 0 2 0 4 0 2 0 0 0 Up [0]
9 44 16 4 4 0 8 0 0 0 4 0 0 4 0 0 0 0 Left [0]
10 60 16 8 0 0 8 4 0 0 8 0 0 0 0 0 0 0 Up [0]
11 76 16 8 0 0 16 4 0 0 0 0 2 0 0 0 0 0 Up [0]
12 108 32 8 2 0 2 4 0 0 0 0 0 0 0 0 0 0 Down [0]
13 108 0 0 0 0 0 2 0 0 32 8 0 0 2 4 2 0 Up [0]
14 108 32 2 2 0 2 8 0 0 0 4 0 0 2 0 0 0 Left [0]
15 112 32 4 0 2 2 8 0 0 4 0 0 0 2 0 0 0 Down [0]
16 112 32 0 0 2 2 0 0 0 4 4 0 0 2 8 0 2 Left [0]
17 120 32 2 0 0 2 0 2 0 8 0 0 0 2 8 2 0 Left [0]
18 124 32 2 0 0 4 0 0 0 8 0 0 4 2 8 2 0 Up [0]
19 124 32 2 2 4 4 8 0 0 8 0 0 0 2 0 0 4 Left [0]
20 128 32 4 4 0 4 8 0 0 8 0 0 0 2 4 0 2 Down [0]
21 128 32 0 0 2 4 4 0 0 8 8 0 0 2 4 4 2 Left [0]
22 160 32 2 0 0 8 0 4 0 16 0 0 0 2 8 2 0 Left [0]
23 160 32 2 0 0 8 4 0 0 16 0 0 0 2 8 2 4 Down [0]
24 160 32 0 0 0 8 2 4 0 16 4 0 0 2 8 2 4 Down [0]
25 160 32 0 2 0 8 2 0 0 16 4 4 0 2 8 2 4 Left [0]
26 168 32 2 4 0 8 2 0 0 16 8 0 0 2 8 2 4 Up [0]
27 188 32 4 4 4 8 16 2 0 16 0 0 0 2 4 0 0 Down [0]
28 188 32 0 0 0 8 4 2 0 16 16 4 0 2 4 2 4 Left [0]
29 220 32 4 0 0 8 4 2 0 32 4 0 0 2 4 2 4 Up [0]
30 240 32 8 4 4 8 8 0 0 32 0 2 0 2 0 0 0 Left [0]
31 264 32 8 8 0 16 0 0 0 32 2 0 2 2 0 0 0 Up [0]
32 264 32 8 8 2 16 2 0 0 32 0 0 0 2 0 0 2 Left [0]
33 284 32 16 2 0 16 2 4 0 32 0 0 0 4 0 0 0 Down [0]
34 284 32 0 0 0 16 0 0 0 32 16 2 0 4 2 4 4 Left [0]
35 292 32 0 2 0 16 0 0 0 32 16 2 0 4 2 8 0 Left [0]
36 292 32 2 0 0 16 0 0 0 32 16 2 0 4 2 8 2 Up [0]
37 292 32 2 2 2 16 16 8 0 32 2 0 0 4 2 0 0 Left [0]
38 328 32 4 2 0 32 8 0 4 32 2 0 0 4 2 0 0 Up [0]
39 396 64 4 2 4 32 8 0 4 4 4 0 0 0 0 0 0 Up [0]
40 404 64 4 2 8 32 8 0 0 4 4 0 0 0 2 0 0 Left [0]
41 412 64 4 2 8 32 8 0 0 8 0 0 2 2 0 0 0 Left [0]
42 412 64 4 2 8 32 8 0 4 8 2 0 0 2 0 0 0 Down [0]
43 412 64 0 0 0 32 4 0 0 8 8 2 8 2 2 2 4 Left [0]
44 432 64 0 2 0 32 4 0 0 16 2 8 0 4 2 4 0 Up [0]
45 436 64 4 2 0 32 4 8 0 16 0 4 0 4 4 0 0 Left [0]
46 444 64 4 2 0 32 4 8 0 16 4 0 0 8 0 4 0 Down [0]
47 452 64 0 0 0 32 0 2 2 16 4 8 0 8 8 4 0 Left [0]
48 472 64 0 0 0 32 4 0 0 16 4 8 0 16 4 2 0 Up [0]
49 512 64 8 8 0 32 4 2 2 32 0 0 0 0 0 0 0 Up [0]
50 576 64 8 8 2 64 4 2 0 0 0 0 0 0 2 0 0 Left [0]
51 592 64 16 2 0 64 4 2 0 0 0 0 2 2 0 0 0 Up [0]
52 724 128 16 4 2 2 4 0 0 0 0 0 0 2 0 0 0 Up [0]
53 728 128 16 4 2 4 4 0 0 0 2 0 0 0 0 0 0 Left [0]
54 736 128 16 4 2 8 0 0 0 2 0 0 0 0 4 0 0 Left [0]
55 736 128 16 4 2 8 0 0 0 2 0 4 0 4 0 0 0 Left [0]
56 736 128 16 4 2 8 0 0 4 2 4 0 0 4 0 0 0 Down [0]
57 736 128 0 0 0 8 4 0 0 2 16 0 2 4 4 4 4 Left [0]
58 752 128 0 0 0 8 4 0 0 2 16 2 4 8 8 0 0 Left [0]
59 768 128 0 0 0 8 4 4 0 2 16 2 4 16 0 0 0 Up [0]
60 768 128 4 4 4 8 16 2 0 2 0 0 4 16 0 0 0 Left [0]
61 776 128 8 4 0 8 16 2 0 2 4 0 2 16 0 0 0 Down [0]
62 776 128 0 0 4 8 8 0 0 2 16 4 0 16 4 2 2 Left [0]
63 796 128 4 0 0 16 0 0 4 2 16 4 0 16 4 4 0 Up [0]
64 804 128 4 8 4 16 16 0 0 2 4 0 4 16 0 0 0 Left [0]
65 844 128 4 8 4 32 0 0 4 2 8 0 0 16 0 0 0 Up [0]
66 852 128 4 8 8 32 8 0 0 2 0 0 0 16 0 0 2 Left [0]
67 868 128 4 16 0 32 8 0 0 2 0 0 0 16 2 2 0 Up [0]
68 868 128 4 16 0 32 8 2 0 2 2 0 0 16 4 0 0 Left [0]
69 872 128 4 16 4 32 8 2 0 4 0 0 0 16 4 0 0 Up [0]
70 872 128 4 16 4 32 8 2 0 4 4 0 0 16 4 0 0 Left [0]
71 880 128 4 16 4 32 8 2 0 8 0 0 0 16 4 0 4 Down [0]
72 888 128 0 0 0 32 4 2 0 8 8 16 0 16 4 2 8 Left [0]
73 904 128 0 0 0 32 4 2 2 16 16 0 0 16 4 2 8 Left [0]
74 940 128 2 0 0 32 4 4 0 32 0 0 0 16 4 2 8 Up [0]
75 1012 128 2 4 8 64 8 2 0 16 0 0 2 0 0 0 0 Up [0]
76 1012 128 2 4 8 64 8 2 2 16 0 0 0 4 0 0 0 Left [0]
77 1016 128 2 4 8 64 8 4 0 16 2 0 0 4 0 0 0 Down [0]
78 1024 128 0 0 2 64 2 0 0 16 8 0 0 4 2 8 8 Left [0]
79 1040 128 2 0 0 64 2 0 0 16 8 0 2 4 2 16 0 Up [0]
80 1044 128 4 16 2 64 8 0 0 16 2 0 0 4 0 2 0 Left [0]
81 1044 128 4 16 2 64 8 0 0 16 2 0 0 4 2 4 0 Down [0]
82 1048 128 0 4 0 64 4 0 0 16 8 16 0 4 4 4 2 Left [0]
83 1056 128 4 0 0 64 4 4 0 16 8 16 0 8 4 2 0 Up [0]
84 1064 128 8 4 0 64 8 16 0 16 4 2 0 8 4 0 0 Down [0]
85 1088 128 0 0 0 64 2 4 0 16 16 16 0 8 8 2 0 Left [0]
86 1136 128 0 0 0 64 2 4 0 32 16 0 0 16 2 0 4 Up [0]
87 1136 128 2 4 4 64 16 0 0 32 2 0 4 16 0 0 0 Left [0]
88 1144 128 2 8 0 64 16 0 0 32 2 4 2 16 0 0 0 Down [0]
89 1144 128 0 2 0 64 2 0 0 32 16 8 0 16 2 4 2 Up [0]
90 1144 128 2 2 2 64 16 8 0 32 2 4 0 16 4 0 0 Left [0]
91 1148 128 4 2 0 64 16 8 0 32 2 4 0 16 4 0 2 Left [0]
92 1148 128 4 2 0 64 16 8 0 32 2 4 0 16 4 2 2 Left [0]
93 1152 128 4 2 4 64 16 8 0 32 2 4 0 16 4 4 0 Left [0]
94 1160 128 4 2 4 64 16 8 0 32 2 4 0 16 8 0 4 Down [0]
95 1168 128 4 0 0 64 16 2 0 32 2 8 4 16 8 4 8 Up [0]
96 1168 128 4 2 4 64 16 8 8 32 2 4 0 16 8 4 0 Left [0]
97 1184 128 4 2 4 64 16 16 2 32 2 4 0 16 8 4 0 Down [0]
98 1192 128 4 4 0 64 16 2 0 32 2 16 4 16 8 8 2 Left [0]
99 1216 128 8 0 0 64 16 2 2 32 2 16 4 16 16 2 0 Left [0]
100 1252 128 8 0 0 64 16 4 0 32 2 16 4 32 2 4 0 Up [0]
101 1320 128 8 4 4 64 16 16 0 64 4 4 0 0 0 4 0 Up [0]
102 1456 128 8 4 4 128 16 16 0 0 4 8 0 0 0 2 0 Left [0]
103 1496 128 8 8 0 128 32 0 4 4 8 0 0 2 0 0 0 Up [0]
104 1752 256 8 8 4 4 32 0 0 2 8 0 0 4 0 0 0 Left [0]
105 1768 256 16 4 0 4 32 0 0 2 8 4 0 4 0 0 0 Up [0]
106 1776 256 16 8 0 4 32 0 0 2 8 0 0 4 0 4 0 Left [0]
107 1784 256 16 8 0 4 32 0 0 2 8 0 0 8 0 2 0 Down [0]
108 1784 256 0 0 0 4 16 0 2 2 32 8 0 8 8 2 0 Left [0]
109 1800 256 0 0 0 4 16 2 0 2 32 8 2 16 2 0 0 Up [0]
110 1800 256 16 2 2 4 32 8 0 2 2 0 0 16 0 0 4 Left [0]
111 1808 256 16 4 0 4 32 8 0 4 4 0 0 16 4 0 0 Left [0]
112 1816 256 16 4 0 4 32 8 0 8 0 2 0 16 4 0 0 Down [0]
113 1816 256 0 4 0 4 16 4 0 8 32 8 0 16 4 2 0 Left [0]
114 1816 256 4 0 0 4 16 4 0 8 32 8 0 16 4 2 4 Up [0]
115 1816 256 4 4 4 4 16 8 0 8 32 2 4 16 4 0 0 Left [0]
116 1824 256 8 4 0 4 16 8 2 8 32 2 4 16 4 0 0 Down [0]
117 1824 256 8 0 0 4 16 4 2 8 32 8 2 16 4 2 4 Up [0]
118 1828 256 8 4 4 4 16 8 4 8 32 2 2 16 4 0 0 Left [0]
119 1840 256 8 8 0 4 16 8 4 8 32 4 0 16 4 0 2 Left [0]
120 1856 256 16 0 2 4 16 8 4 8 32 4 0 16 4 2 0 Up [0]
121 1888 256 32 8 2 4 32 4 4 8 4 2 0 16 2 0 0 Down [0]
122 1952 256 4 0 0 4 64 8 0 8 4 4 2 16 2 2 4 Left [0]
123 1964 256 4 0 0 4 64 8 0 8 8 2 4 16 4 4 0 Left [0]
124 1988 256 4 0 2 4 64 8 0 16 2 4 0 16 8 0 0 Up [0]
125 2020 256 4 8 2 4 64 4 0 32 2 4 0 0 8 0 0 Left [0]
126 2020 256 4 8 2 4 64 4 4 32 2 4 0 8 0 0 0 Down [0]
127 2028 256 0 0 0 4 4 0 2 32 64 8 2 8 2 8 4 Left [0]
128 2036 256 0 0 0 8 2 2 0 32 64 8 2 8 2 8 4 Left [0]
129 2040 256 0 0 0 8 4 0 4 32 64 8 2 8 2 8 4 Left [0]
130 2048 256 0 0 0 8 8 0 4 32 64 8 2 8 2 8 4 Left [0]
131 2064 256 0 0 0 16 4 4 0 32 64 8 2 8 2 8 4 Left [0]
132 2072 256 4 0 0 16 8 0 0 32 64 8 2 8 2 8 4 Up [0]
133 2088 256 4 16 2 16 8 0 4 32 64 4 0 8 2 0 0 Left [0]
134 2088 256 4 16 2 16 8 4 0 32 64 4 0 8 2 0 4 Up [0]
135 2096 256 4 16 2 16 8 8 4 32 64 2 0 8 2 0 0 Left [0]
136 2112 256 4 16 2 16 16 4 0 32 64 2 0 8 2 2 0 Left [0]
137 2148 256 4 16 2 32 4 4 0 32 64 2 0 8 4 0 0 Up [0]
138 2220 256 8 16 2 64 64 4 4 8 4 2 0 0 0 0 0 Left [0]
139 2356 256 8 16 2 128 8 0 4 8 4 2 0 0 0 0 0 Up [0]
140 2372 256 16 16 2 128 4 2 4 8 0 4 0 0 0 0 0 Left [0]
141 2404 256 32 2 2 128 4 2 4 8 4 0 0 0 0 0 0 Left [0]
142 2408 256 32 4 0 128 4 2 4 8 4 0 0 4 0 0 0 Up [0]
143 2416 256 32 4 4 128 8 2 0 8 0 0 4 4 0 0 0 Left [0]
144 2424 256 32 8 0 128 8 2 0 8 4 0 2 4 0 0 0 Down [0]
145 2424 256 2 0 0 128 32 0 0 8 8 8 0 4 4 2 2 Left [0]
146 2452 256 2 4 0 128 32 0 0 16 8 0 0 8 4 0 0 Down [0]
147 2452 256 2 0 0 128 32 0 0 16 8 0 2 8 4 4 0 Left [0]
148 2460 256 2 4 0 128 32 0 0 16 8 2 0 8 8 0 0 Left [0]
149 2476 256 2 4 2 128 32 0 0 16 8 2 0 16 0 0 0 Up [0]
150 2508 256 2 4 2 128 32 2 4 32 8 0 0 0 0 0 0 Down [0]
151 2508 0 0 4 0 256 2 0 0 128 32 4 2 32 8 2 4 Up [0]
152 2516 256 2 8 2 128 32 2 4 32 8 0 0 4 0 0 0 Down [0]
153 2516 256 0 0 2 128 2 0 0 32 32 8 2 4 8 2 4 Left [0]
154 2580 256 2 0 0 128 2 0 2 64 8 2 0 4 8 2 4 Up [0]
155 2604 256 4 4 2 128 16 0 4 64 0 4 0 4 0 0 0 Left [0]
156 2612 256 8 2 0 128 16 4 0 64 4 0 0 4 0 0 2 Left [0]
157 2612 256 8 2 0 128 16 4 0 64 4 0 0 4 2 2 0 Left [0]
158 2616 256 8 2 0 128 16 4 0 64 4 2 0 4 4 0 0 Left [0]
159 2624 256 8 2 0 128 16 4 4 64 4 2 0 8 0 0 0 Down [0]
160 2624 256 0 0 0 128 8 2 2 64 16 4 0 8 4 2 4 Left [0]
161 2628 256 0 2 0 128 8 4 0 64 16 4 0 8 4 2 4 Up [0]
162 2636 256 8 2 4 128 16 8 0 64 4 2 0 8 2 0 0 Down [0]
163 2636 256 8 0 0 128 16 2 0 64 4 8 2 8 2 2 4 Left [0]
164 2640 256 8 0 2 128 16 2 0 64 4 8 2 8 4 4 0 Down [0]
165 2652 256 0 0 0 128 8 2 0 64 16 8 4 8 8 4 4 Left [0]
166 2676 256 0 0 0 128 8 2 0 64 16 8 4 16 8 0 2 Down [0]
167 2676 256 2 0 0 128 8 0 0 64 16 2 4 16 8 8 2 Left [0]
168 2692 256 2 0 0 128 8 2 0 64 16 2 4 16 16 2 0 Left [0]
169 2724 256 2 0 0 128 8 2 0 64 16 2 4 32 2 2 0 Left [0]
170 2728 256 2 2 0 128 8 2 0 64 16 2 4 32 4 0 0 Down [0]
171 2732 256 2 0 2 128 8 0 0 64 16 2 0 32 4 4 4 Left [0]
172 2744 256 4 0 0 128 8 0 0 64 16 2 0 32 8 4 4 Left [0]
173 2752 256 4 0 0 128 8 0 0 64 16 2 4 32 8 8 0 Left [0]
174 2768 256 4 2 0 128 8 0 0 64 16 2 4 32 16 0 0 Down [0]
175 2804 256 0 0 0 128 4 0 2 64 8 0 0 32 32 4 4 Left [0]
176 2876 256 0 0 0 128 4 2 0 64 8 0 4 64 8 0 0 Up [0]
177 3020 256 4 2 4 128 16 0 0 128 0 0 0 0 4 0 0 Up [0]
178 3276 256 4 2 4 256 16 4 0 0 4 0 0 0 0 0 0 Up [0]
179 3788 512 4 2 4 0 16 4 0 0 4 0 0 0 0 2 0 Left [0]
180 3788 512 4 2 4 16 4 0 0 4 0 0 0 2 0 2 0 Left [0]
181 3792 512 4 2 4 16 4 0 0 4 0 0 0 4 0 2 0 Up [0]
182 3812 512 8 4 4 16 0 0 0 8 0 0 0 2 0 0 0 Left [0]
183 3820 512 8 8 0 16 0 0 0 8 0 0 0 2 0 2 0 Left [0]
184 3840 512 16 0 0 16 0 0 0 8 0 0 0 4 2 0 0 Down [0]
185 3840 512 0 0 0 16 0 0 4 8 16 0 0 4 2 0 0 Left [0]
186 3840 512 0 0 2 16 4 0 0 8 16 0 0 4 2 0 0 Up [0]
187 3840 512 4 0 2 16 16 0 0 8 2 0 0 4 0 0 2 Left [0]
188 3872 512 4 2 0 32 0 0 0 8 2 0 4 4 2 0 0 Up [0]
189 3876 512 4 2 4 32 4 0 4 8 0 0 0 4 0 0 0 Left [0]
190 3884 512 4 2 4 32 8 0 0 8 4 0 0 4 0 0 0 Down [0]
191 3884 512 0 0 0 32 4 0 0 8 8 4 0 4 4 2 4 Left [0]
192 3908 512 0 0 0 32 4 0 0 16 4 0 4 8 2 4 0 Down [0]
193 3916 512 2 0 0 32 0 0 0 16 8 0 0 8 2 4 4 Up [0]
194 3916 512 2 4 4 32 8 0 0 16 2 2 0 8 0 0 0 Left [0]
195 3928 512 2 8 0 32 8 0 2 16 4 0 0 8 0 0 0 Left [0]
196 3928 512 2 8 0 32 8 2 0 16 4 4 0 8 0 0 0 Down [0]
197 3928 512 0 0 0 32 2 8 0 16 8 2 2 8 4 4 0 Left [0]
198 3940 512 0 0 0 32 2 8 0 16 8 4 4 8 8 0 0 Left [0]
199 3964 512 0 4 0 32 2 8 0 16 8 8 0 16 0 0 0 Up [0]
200 4012 512 2 4 2 32 8 16 0 32 0 0 0 0 0 0 0 Up [0]
201 4076 512 2 4 2 64 8 16 0 0 0 0 0 0 0 0 2 Left [0]
202 4076 512 2 4 2 64 8 16 4 0 0 0 0 2 0 0 0 Up [0]
203 4076 512 2 4 2 64 8 16 4 2 0 0 0 0 0 0 4 Left [0]
204 4076 512 2 4 2 64 8 16 4 2 0 0 0 4 0 2 0 Up [0]
205 4076 512 2 4 2 64 8 16 4 2 0 2 0 4 0 0 4 Left [0]
206 4088 512 2 4 2 64 8 16 4 4 0 4 0 8 0 0 0 Left [0]
207 4096 512 2 4 2 64 8 16 4 8 0 0 0 8 0 4 0 Up [0]
208 4112 512 2 4 2 64 8 16 4 16 0 4 0 0 0 0 2 Left [0]
209 4112 512 2 4 2 64 8 16 4 16 4 0 0 2 0 0 4 Left [0]
210 4112 512 2 4 2 64 8 16 4 16 4 0 4 2 4 0 0 Up [0]
211 4128 512 2 4 2 64 8 16 8 16 8 0 0 2 0 2 0 Down [0]
212 4144 512 0 0 0 64 0 4 2 16 2 16 2 2 16 2 8 Left [0]
213 4144 512 0 0 0 64 4 2 4 16 2 16 2 2 16 2 8 Up [0]
214 4144 512 4 2 4 64 2 16 2 16 16 2 8 2 0 4 0 Left [0]
215 4176 512 4 2 4 64 2 16 2 32 2 8 2 2 4 0 0 Down [0]
216 4184 512 4 0 0 64 4 2 0 32 4 16 4 2 4 8 4 Down [0]
217 4208 512 0 2 0 64 0 2 0 32 8 16 0 2 8 8 8 Left [0]
218 4224 512 2 0 0 64 2 0 0 32 8 16 0 2 16 8 2 Up [0]
219 4228 512 4 16 2 64 8 8 0 32 16 0 2 2 0 0 0 Left [0]
220 4244 512 4 16 2 64 16 0 0 32 16 2 0 2 0 4 0 Up [0]
221 4276 512 4 16 2 64 32 2 0 32 0 4 0 2 4 0 0 Left [0]
222 4276 512 4 16 2 64 32 2 2 32 4 0 0 2 4 0 0 Down [0]
223 4288 512 0 0 0 64 4 0 2 32 32 16 0 2 8 2 4 Left [0]
224 4352 512 0 0 0 64 4 2 0 64 16 0 4 2 8 2 4 Up [0]
225 4492 512 4 4 8 128 16 0 2 2 8 0 0 0 0 0 0 Left [0]
226 4500 512 8 8 0 128 16 2 0 2 8 0 0 4 0 0 0 Left [0]
227 4516 512 16 0 0 128 16 2 0 2 8 0 0 4 0 0 2 Up [0]
228 4548 512 32 2 2 128 8 0 0 2 0 0 0 4 0 2 0 Left [0]
229 4552 512 32 4 0 128 8 0 0 2 2 0 0 4 2 0 0 Left [0]
230 4556 512 32 4 0 128 8 4 0 4 0 0 0 4 2 0 0 Up [0]
231 4572 512 32 8 0 128 8 0 0 8 2 0 0 0 0 4 0 Left [0]
232 4572 512 32 8 0 128 8 2 0 8 2 0 0 4 0 0 0 Down [0]
233 4572 512 0 0 0 128 32 0 0 8 8 8 0 4 2 2 2 Left [0]
234 4592 512 0 0 0 128 32 0 2 16 8 0 0 4 4 2 0 Left [0]
235 4600 512 0 4 0 128 32 2 0 16 8 0 0 8 2 0 0 Down [0]
236 4600 512 0 0 0 128 32 0 0 16 8 4 0 8 2 2 4 Left [0]
237 4604 512 0 0 0 128 32 4 0 16 8 4 0 8 4 4 0 Left [0]
238 4612 512 2 0 0 128 32 4 0 16 8 4 0 8 8 0 0 Left [0]
239 4628 512 2 2 0 128 32 4 0 16 8 4 0 16 0 0 0 Up [0]
240 4668 512 2 2 0 128 32 8 0 32 8 0 0 0 0 4 0 Left [0]
241 4672 512 4 0 0 128 32 8 2 32 8 0 0 4 0 0 0 Down [0]
242 4672 512 0 0 0 128 4 0 2 32 32 0 0 4 8 8 2 Left [0]
243 4752 512 0 0 0 128 4 2 0 64 0 0 0 4 16 2 2 Down [0]
244 4756 512 0 0 4 128 0 0 0 64 4 0 0 4 16 4 2 Left [0]
245 4756 512 4 0 0 128 0 4 0 64 4 0 0 4 16 4 2 Up [0]
246 4772 512 8 8 2 128 16 0 4 64 0 0 0 4 0 0 0 Left [0]
247 4788 512 16 2 0 128 16 4 4 64 0 0 0 4 0 0 0 Up [0]
248 4820 512 32 2 4 128 0 4 0 64 0 0 0 4 4 0 0 Left [0]
249 4828 512 32 2 4 128 4 0 2 64 0 0 0 8 0 0 0 Down [0]
250 4828 512 0 4 0 128 0 0 0 64 32 0 4 8 4 2 2 Left [0]
251 4832 512 4 0 0 128 0 0 0 64 32 4 2 8 4 4 0 Left [0]
252 4840 512 4 2 0 128 0 0 0 64 32 4 2 8 8 0 0 Left [0]
253 4856 512 4 2 0 128 0 2 0 64 32 4 2 16 0 0 0 Down [0]
254 4860 512 0 0 0 128 0 0 0 64 4 4 4 16 32 4 2 Left [0]
255 4868 512 0 0 0 128 4 0 0 64 8 4 0 16 32 4 2 Down [0]
256 4876 512 0 0 4 128 4 0 0 64 8 0 0 16 32 8 2 Left [0]
257 4876 512 4 0 0 128 4 0 0 64 8 0 4 16 32 8 2 Down [0]
258 4884 512 0 0 0 128 8 0 0 64 8 2 4 16 32 8 2 Down [0]
259 4900 512 4 0 0 128 0 0 0 64 16 2 4 16 32 8 2 Down [0]
260 4900 512 0 0 0 128 4 4 0 64 16 2 4 16 32 8 2 Up [0]
261 4900 512 4 4 4 128 16 2 2 64 32 8 0 16 4 0 0 Left [0]
262 4912 512 8 4 0 128 16 4 0 64 32 8 2 16 4 0 0 Up [0]
263 4920 512 8 8 2 128 16 8 0 64 32 0 2 16 4 0 0 Left [0]
264 4936 512 16 2 0 128 16 8 0 64 32 2 4 16 4 0 0 Down [0]
265 4968 512 2 0 0 128 32 2 0 64 32 8 0 16 4 2 4 Down [0]
266 5032 512 0 0 2 128 2 2 0 64 64 8 0 16 4 2 4 Left [0]
267 5164 512 2 0 4 128 4 0 0 128 8 0 0 16 4 2 4 Up [0]
268 5428 512 2 2 8 256 4 0 0 16 8 2 0 0 4 0 0 Up [0]
269 5432 512 2 4 8 256 4 0 0 16 8 0 4 0 4 0 0 Left [0]
270 5432 512 2 4 8 256 4 0 2 16 8 4 0 4 0 0 0 Left [0]
271 5432 512 2 4 8 256 4 2 0 16 8 4 0 4 0 4 0 Left [0]
272 5440 512 2 4 8 256 4 2 0 16 8 4 4 8 0 0 0 Down [0]
273 5440 512 0 2 0 256 2 4 0 16 4 2 8 8 8 4 4 Left [0]
274 5464 512 2 2 0 256 2 4 0 16 4 2 8 16 8 0 0 Up [0]
275 5500 512 4 2 8 256 4 4 0 32 8 2 2 0 0 0 0 Left [0]
276 5512 512 4 2 8 256 8 0 2 32 8 4 0 0 0 0 0 Left [0]
277 5512 512 4 2 8 256 8 2 0 32 8 4 0 0 0 2 0 Left [0]
278 5512 512 4 2 8 256 8 2 0 32 8 4 0 2 0 4 0 Left [0]
279 5512 512 4 2 8 256 8 2 0 32 8 4 2 2 4 0 0 Up [0]
280 5532 512 4 4 8 256 16 4 2 32 4 4 0 2 0 0 0 Left [0]
281 5548 512 8 8 0 256 16 4 2 32 8 0 0 2 2 0 0 Left [0]
282 5568 512 16 0 0 256 16 4 2 32 8 0 4 4 0 0 0 Down [0]
283 5600 512 0 0 0 256 0 0 0 32 32 2 2 4 8 4 4 Left [0]
284 5676 512 0 0 4 256 0 0 0 64 4 0 0 4 8 8 0 Up [0]
285 5676 512 4 8 4 256 8 0 0 64 0 0 0 4 4 0 0 Left [0]
286 5684 512 4 8 4 256 8 0 0 64 0 0 0 8 2 0 0 Down [0]
287 5684 512 0 0 0 256 4 0 4 64 8 0 0 8 2 8 4 Up [0]
288 5692 512 4 8 8 256 8 0 0 64 2 2 0 8 0 0 0 Left [0]
289 5712 512 4 16 0 256 8 0 0 64 4 0 0 8 0 0 2 Down [0]
290 5712 512 0 0 0 256 4 0 0 64 8 0 2 8 4 16 2 Up [0]
291 5716 512 4 16 4 256 8 0 0 64 4 4 0 8 0 0 0 Left [0]
292 5724 512 4 16 4 256 8 0 4 64 8 0 0 8 0 0 0 Down [0]
293 5748 512 0 2 0 256 0 0 0 64 4 0 0 8 16 16 8 Left [0]
294 5780 512 2 0 0 256 0 0 0 64 4 0 2 8 32 8 0 Up [0]
295 5780 512 2 8 2 256 4 0 0 64 32 0 2 8 0 0 0 Left [0]
296 5780 512 2 8 2 256 4 0 2 64 32 2 0 8 0 0 0 Up [0]
297 5784 512 2 8 4 256 4 2 0 64 32 0 0 8 0 0 2 Left [0]
298 5784 512 2 8 4 256 4 2 0 64 32 4 0 8 2 0 0 Down [0]
299 5784 512 2 4 0 256 4 8 0 64 32 2 0 8 2 4 4 Up [0]
300 5784 512 2 4 4 256 4 8 0 64 32 2 2 8 2 4 0 Left [0]
301 5796 512 2 8 0 256 4 8 0 64 32 4 0 8 2 4 4 Down [0]
302 5820 512 2 0 0 256 4 2 0 64 32 16 0 8 2 8 4 Up [0]
303 5820 512 2 2 4 256 4 16 0 64 32 8 4 8 2 0 0 Left [0]
304 5824 512 4 4 4 256 4 16 0 64 32 8 4 8 2 0 0 Down [0]
305 5840 512 4 0 0 256 8 4 0 64 32 16 0 8 2 8 8 Left [0]
306 5856 512 4 2 0 256 8 4 0 64 32 16 0 8 2 16 0 Up [0]
307 5888 512 4 2 0 256 8 4 0 64 32 32 0 8 2 4 0 Left [0]
308 5952 512 4 2 4 256 8 4 0 64 64 0 0 8 2 4 0 Left [0]
309 6080 512 4 2 4 256 8 4 2 128 0 0 0 8 2 4 0 Down [0]
310 6088 512 0 2 0 256 4 0 0 128 8 2 4 8 2 8 2 Up [0]
311 6092 512 4 4 4 256 8 8 2 128 2 0 0 8 0 4 0 Left [0]
312 6116 512 8 4 0 256 16 2 0 128 2 0 0 8 4 0 2 Down [0]
313 6116 512 8 4 0 256 16 0 0 128 2 4 0 8 4 2 2 Left [0]
314 6120 512 8 4 0 256 16 0 2 128 2 4 0 8 4 4 0 Left [0]
315 6128 512 8 4 0 256 16 2 0 128 2 4 2 8 8 0 0 Left [0]
316 6144 512 8 4 0 256 16 2 4 128 2 4 2 16 0 0 0 Up [0]
317 6144 512 8 4 4 256 16 2 2 128 2 4 0 16 0 2 0 Left [0]
318 6156 512 8 8 2 256 16 4 0 128 2 4 0 16 2 0 0 Down [0]
319 6168 512 0 0 0 256 8 2 0 128 16 8 0 16 4 8 2 Down [0]
320 6184 512 0 4 0 256 8 0 0 128 16 2 0 16 4 16 2 Up [0]
321 6184 512 8 4 2 256 16 2 0 128 4 16 4 16 0 0 0 Up [0]
322 6184 512 8 4 2 256 16 2 4 128 4 16 0 16 0 4 0 Left [0]
323 6184 512 8 4 2 256 16 2 4 128 4 16 0 16 4 0 4 Down [0]
324 6200 512 0 0 4 256 8 4 0 128 16 2 2 16 8 16 8 Left [0]
325 6204 512 4 0 2 256 8 4 0 128 16 4 0 16 8 16 8 Down [0]
326 6212 512 4 0 0 256 8 2 0 128 16 8 2 16 8 16 8 Up [0]
327 6212 512 4 2 2 256 8 8 8 128 16 16 4 16 8 0 0 Left [0]
328 6264 512 4 4 0 256 16 8 0 128 32 4 0 16 8 0 4 Left [0]
329 6272 512 8 0 0 256 16 8 0 128 32 4 0 16 8 4 4 Down [0]
330 6280 512 8 0 0 256 16 2 0 128 32 8 0 16 8 8 4 Left [0]
331 6296 512 8 0 0 256 16 2 0 128 32 8 0 16 16 4 4 Left [0]
332 6336 512 8 0 4 256 16 2 0 128 32 8 0 32 8 0 0 Down [0]
333 6336 512 8 0 0 256 16 2 0 128 32 2 0 32 8 8 4 Left [0]
334 6352 512 8 0 0 256 16 2 2 128 32 2 0 32 16 4 0 Down [0]
335 6356 512 8 0 0 256 16 4 0 128 32 4 0 32 16 4 2 Down [0]
336 6364 512 8 0 0 256 16 4 0 128 32 4 0 32 16 8 2 Down [0]
337 6372 512 8 0 0 256 16 0 2 128 32 8 0 32 16 8 2 Down [0]
338 6392 512 8 0 0 256 16 0 4 128 32 0 0 32 16 16 4 Left [0]
339 6424 512 8 0 0 256 16 4 0 128 32 0 2 32 32 4 0 Left [0]
340 6488 512 8 2 0 256 16 4 0 128 32 2 0 64 4 0 0 Down [0]
341 6488 512 8 2 0 256 16 2 0 128 32 4 0 64 4 2 0 Down [0]
342 6492 512 8 0 2 256 16 4 0 128 32 4 0 64 4 2 0 Down [0]
343 6500 512 8 4 0 256 16 0 0 128 32 8 0 64 4 2 2 Left [0]
344 6504 512 8 4 4 256 16 0 0 128 32 8 0 64 4 4 0 Left [0]
345 6520 512 8 8 0 256 16 0 2 128 32 8 0 64 8 0 0 Down [0]
346 6536 512 8 0 0 256 16 0 0 128 32 0 4 64 8 16 2 Left [0]
347 6536 512 8 0 0 256 16 0 0 128 32 4 2 64 8 16 2 Down [0]
348 6540 512 8 0 0 256 16 4 0 128 32 4 0 64 8 16 4 Down [0]
349 6548 512 8 4 0 256 16 0 0 128 32 8 0 64 8 16 4 Down [0]
350 6548 512 8 0 0 256 16 4 0 128 32 8 4 64 8 16 4 Down [0]
351 6556 512 8 0 0 256 16 4 0 128 32 8 4 64 8 16 8 Up [0]
352 6556 512 8 4 4 256 16 8 8 128 32 16 0 64 8 0 2 Left [0]
353 6580 512 8 8 4 256 16 16 0 128 32 16 0 64 8 2 0 Left [0]
354 6628 512 16 4 0 256 32 4 0 128 32 16 0 64 8 2 0 Down [0]
355 6700 512 0 0 2 256 16 8 0 128 64 16 0 64 8 2 0 Down [0]
356 6700 512 0 4 0 256 16 8 0 128 64 16 0 64 8 2 2 Left [0]
357 6704 512 4 0 0 256 16 8 0 128 64 16 4 64 8 4 0 Down [0]
358 6704 512 4 4 0 256 16 8 0 128 64 16 0 64 8 4 4 Left [0]
359 6720 512 8 0 2 256 16 8 0 128 64 16 0 64 8 8 0 Left [0]
360 6736 512 8 2 0 256 16 8 4 128 64 16 0 64 16 0 0 Down [0]
361 6736 512 8 0 0 256 16 2 2 128 64 8 0 64 16 16 4 Left [0]
362 6772 512 8 4 0 256 16 4 0 128 64 8 0 64 32 4 0 Down [0]
363 6780 512 8 4 0 256 16 8 0 128 64 8 0 64 32 4 0 Down [0]
364 6796 512 8 0 0 256 16 4 2 128 64 16 0 64 32 4 0 Down [0]
365 6796 512 8 0 0 256 16 4 2 128 64 16 0 64 32 4 2 Down [0]
366 6800 512 8 0 0 256 16 4 0 128 64 16 4 64 32 4 4 Left [0]
367 6808 512 8 0 4 256 16 4 0 128 64 16 4 64 32 8 0 Down [0]
368 6816 512 8 0 0 256 16 4 0 128 64 16 2 64 32 8 8 Left [0]
369 6832 512 8 0 4 256 16 4 0 128 64 16 2 64 32 16 0 Down [0]
370 6864 512 8 0 4 256 16 0 0 128 64 4 4 64 32 32 2 Left [0]
371 6936 512 8 4 0 256 16 0 0 128 64 8 4 64 64 2 0 Left [0]
372 7064 512 8 4 4 256 16 0 0 128 64 8 4 128 2 0 0 Up [0]
373 7328 512 8 4 8 256 16 8 0 256 64 0 2 0 2 0 0 Up [0]
374 7840 512 8 4 8 512 16 8 2 0 64 0 0 0 2 0 2 Left [0]
375 7844 512 8 4 8 512 16 8 2 64 0 0 0 4 0 2 0 Up [0]
376 8868 1024 8 4 8 64 16 8 2 4 0 2 0 4 0 0 0 Left [0]
377 8868 1024 8 4 8 64 16 8 2 4 2 0 4 4 0 0 0 Left [0]
378 8868 1024 8 4 8 64 16 8 2 4 2 4 4 4 0 0 0 Left [0]
379 8876 1024 8 4 8 64 16 8 2 4 2 8 4 4 0 0 0 Up [0]
380 8900 1024 8 4 8 64 16 16 2 8 2 0 4 0 2 0 0 Left [0]
381 8932 1024 8 4 8 64 32 2 0 8 2 4 4 2 0 0 0 Down [0]
382 8932 1024 0 0 2 64 8 4 0 8 32 2 8 2 2 4 4 Left [0]
383 8944 1024 2 4 0 64 8 4 0 8 32 2 8 4 8 0 0 Up [0]
384 8952 1024 2 8 8 64 8 2 0 8 32 2 0 4 8 0 0 Left [0]
385 8968 1024 2 16 0 64 8 2 2 8 32 2 0 4 8 0 0 Up [0]
386 8972 1024 2 16 2 64 8 4 4 8 32 0 0 4 8 0 0 Left [0]
387 8980 1024 2 16 2 64 8 8 0 8 32 0 0 4 8 2 0 Left [0]
388 8996 1024 2 16 2 64 16 2 0 8 32 0 0 4 8 2 0 Down [0]
389 9000 1024 2 0 0 64 16 0 0 8 32 16 4 4 8 4 2 Up [0]
390 9000 1024 2 16 4 64 16 4 2 8 32 2 0 4 8 0 0 Down [0]
391 9000 1024 2 0 2 64 16 16 0 8 32 4 4 4 8 2 2 Left [0]
392 9048 1024 4 0 4 64 32 0 0 8 32 8 0 4 8 4 0 Up [0]
393 9112 1024 4 8 4 64 64 4 2 8 8 0 0 4 0 0 0 Left [0]
394 9256 1024 4 8 4 128 4 2 0 16 0 0 0 4 0 0 2 Left [0]
395 9256 1024 4 8 4 128 4 2 0 16 0 4 0 4 2 0 0 Up [0]
396 9264 1024 8 8 4 128 2 2 0 16 0 4 4 4 0 0 0 Left [0]
397 9292 1024 16 4 0 128 4 0 0 16 8 0 4 4 0 0 0 Left [0]
398 9292 1024 16 4 0 128 4 0 0 16 8 4 0 4 0 0 2 Up [0]
399 9300 1024 16 8 2 128 4 2 0 16 8 0 0 4 0 0 0 Down [0]
400 9300 1024 0 2 0 128 16 0 0 16 4 8 0 4 8 2 2 Up [0]
401 9300 1024 16 2 2 128 4 8 0 16 8 2 4 4 0 0 0 Left [0]
402 9304 1024 16 4 0 128 4 8 4 16 8 2 4 4 0 0 0 Up [0]
403 9312 1024 16 4 8 128 4 8 0 16 8 2 0 4 4 0 0 Left [0]
404 9320 1024 16 4 8 128 4 8 2 16 8 2 0 8 0 0 0 Down [0]
405 9320 1024 0 0 4 128 16 4 0 16 4 8 8 8 8 2 2 Left [0]
406 9356 1024 4 0 0 128 16 4 0 16 4 16 0 16 4 2 0 Up [0]
407 9396 1024 4 4 0 128 16 16 4 32 8 2 0 0 0 0 0 Left [0]
408 9436 1024 8 0 0 128 32 4 0 32 8 2 0 0 0 4 0 Left [0]
409 9436 1024 8 0 0 128 32 4 4 32 8 2 0 4 0 0 0 Up [0]
410 9436 1024 8 4 4 128 32 2 0 32 8 0 0 4 2 0 0 Left [0]
411 9444 1024 8 8 4 128 32 2 0 32 8 0 0 4 2 0 0 Down [0]
412 9444 1024 8 0 0 128 32 2 0 32 8 8 0 4 2 2 4 Left [0]
413 9464 1024 8 2 0 128 32 2 0 32 16 0 0 4 4 4 0 Left [0]
414 9472 1024 8 2 2 128 32 2 0 32 16 0 0 8 4 0 0 Down [0]
415 9476 1024 8 0 0 128 32 0 0 32 16 2 0 8 4 4 2 Left [0]
416 9484 1024 8 0 2 128 32 0 0 32 16 2 0 8 8 2 0 Left [0]
417 9500 1024 8 2 4 128 32 0 0 32 16 2 0 16 2 0 0 Down [0]
418 9504 1024 8 2 0 128 32 0 0 32 16 0 0 16 2 4 4 Left [0]
419 9512 1024 8 2 2 128 32 0 0 32 16 0 0 16 2 8 0 Up [0]
420 9512 1024 8 2 2 128 32 8 0 32 16 0 0 16 2 2 0 Left [0]
421 9520 1024 8 4 0 128 32 8 0 32 16 0 4 16 4 0 0 Left [0]
422 9520 1024 8 4 2 128 32 8 0 32 16 4 0 16 4 0 0 Down [0]
423 9520 1024 8 4 0 128 32 4 0 32 16 8 0 16 4 4 2 Left [0]
424 9528 1024 8 4 0 128 32 4 0 32 16 8 0 16 8 2 2 Left [0]
425 9532 1024 8 4 2 128 32 4 0 32 16 8 0 16 8 4 0 Down [0]
426 9540 1024 8 0 0 128 32 8 0 32 16 8 4 16 8 4 2 Up [0]
427 9556 1024 8 16 4 128 32 4 2 32 16 4 0 16 8 0 0 Down [0]
428 9564 1024 8 0 0 128 32 0 4 32 16 16 4 16 8 8 2 Left [0]
429 9612 1024 8 2 0 128 32 4 0 32 32 4 0 16 16 2 0 Left [0]
430 9708 1024 8 2 0 128 32 4 0 64 4 0 0 32 2 0 2 Left [0]
431 9712 1024 8 2 0 128 32 4 0 64 4 0 4 32 4 0 0 Down [0]
432 9720 1024 0 0 0 128 8 4 0 64 32 2 0 32 8 4 4 Left [0]
433 9728 1024 0 4 0 128 8 4 0 64 32 2 0 32 8 8 0 Left [0]
434 9744 1024 4 4 0 128 8 4 0 64 32 2 0 32 16 0 0 Down [0]
435 9752 1024 4 0 0 128 8 0 2 64 32 8 0 32 16 2 0 Down [0]
436 9752 1024 4 0 0 128 8 0 0 64 32 8 4 32 16 2 2 Left [0]
437 9756 1024 4 0 0 128 8 2 0 64 32 8 4 32 16 4 0 Down [0]
438 9756 1024 4 4 0 128 8 2 0 64 32 8 0 32 16 4 4 Left [0]
439 9772 1024 8 0 0 128 8 2 0 64 32 8 4 32 16 8 0 Down [0]
440 9804 1024 0 0 0 128 16 0 2 64 32 2 0 32 16 16 4 Left [0]
441 9836 1024 0 0 0 128 16 2 0 64 32 2 2 32 32 4 0 Left [0]
442 9904 1024 0 0 0 128 16 2 0 64 32 4 0 64 4 2 0 Up [0]
443 10032 1024 16 2 0 128 32 4 0 128 4 2 0 0 0 2 0 Up [0]
444 10292 1024 16 2 0 256 32 4 0 2 4 4 0 0 0 0 0 Left [0]
445 10300 1024 16 2 2 256 32 4 0 2 8 0 0 0 0 0 0 Left [0]
446 10304 1024 16 4 4 256 32 4 0 2 8 0 0 0 0 0 0 Up [0]
447 10312 1024 16 8 4 256 32 4 0 2 8 0 0 0 0 0 0 Down [0]
448 10312 0 0 0 0 1024 16 2 0 256 32 8 0 2 8 4 4 Up [0]
449 10312 1024 16 2 4 256 32 8 0 2 8 4 0 0 0 2 0 Left [0]
450 10312 1024 16 2 4 256 32 8 0 2 8 4 0 2 0 4 0 Up [0]
451 10324 1024 16 2 4 256 32 8 0 4 8 8 0 0 0 0 2 Left [0]
452 10340 1024 16 2 4 256 32 8 0 4 16 0 0 2 4 0 0 Down [0]
453 10340 1024 16 0 2 256 32 0 0 4 16 2 0 2 4 8 4 Up [0]
454 10340 1024 16 2 2 256 32 8 4 4 16 0 4 2 4 0 0 Left [0]
455 10344 1024 16 4 4 256 32 8 4 4 16 4 0 2 4 0 0 Down [0]
456 10352 1024 16 0 2 256 32 4 0 4 16 8 0 2 4 4 8 Left [0]
457 10360 1024 16 2 4 256 32 4 0 4 16 8 0 2 8 8 0 Left [0]
458 10376 1024 16 2 4 256 32 4 0 4 16 8 2 2 16 0 0 Up [0]
459 10408 1024 16 2 4 256 32 4 2 4 32 8 0 2 4 0 0 Up [0]
460 10472 1024 16 2 4 256 64 4 2 4 4 8 2 2 0 0 0 Left [0]
461 10480 1024 16 2 4 256 64 4 2 8 8 2 0 2 4 0 0 Left [0]
462 10496 1024 16 2 4 256 64 4 2 16 2 0 0 2 4 2 0 Up [0]
463 10496 1024 16 2 4 256 64 4 2 16 2 2 0 2 4 0 2 Left [0]
464 10500 1024 16 2 4 256 64 4 2 16 4 0 0 2 4 2 4 Down [0]
465 10508 1024 2 0 0 256 16 2 4 16 64 4 2 2 8 2 4 Up [0]
466 10508 1024 2 2 4 256 16 4 2 16 64 2 4 2 8 0 4 Left [0]
467 10512 1024 4 4 0 256 16 4 2 16 64 2 4 2 8 4 4 Left [0]
468 10528 1024 8 2 0 256 16 4 2 16 64 2 4 2 8 8 0 Up [0]
469 10528 1024 8 2 2 256 16 4 4 16 64 2 4 2 8 8 0 Left [0]
470 10556 1024 8 4 0 256 16 8 0 16 64 2 4 2 16 0 4 Up [0]
471 10564 1024 8 4 8 256 16 8 0 16 64 2 0 2 16 0 4 Left [0]
472 10564 1024 8 4 8 256 16 8 4 16 64 2 0 2 16 4 0 Down [0]
473 10564 1024 8 4 0 256 16 8 4 16 64 2 8 2 16 4 4 Left [0]
474 10572 1024 8 4 4 256 16 8 4 16 64 2 8 2 16 8 0 Left [0]
475 10580 1024 8 8 0 256 16 8 4 16 64 2 8 2 16 8 4 Left [0]
476 10596 1024 16 2 0 256 16 8 4 16 64 2 8 2 16 8 4 Up [0]
477 10628 1024 32 2 4 256 64 8 8 16 16 2 4 2 2 8 0 Left [0]
478 10680 1024 32 2 4 256 64 16 0 32 2 4 0 4 8 0 4 Up [0]
479 10688 1024 32 2 8 256 64 16 0 32 2 4 2 4 8 0 0 Down [0]
480 10688 1024 32 0 2 256 64 2 0 32 2 16 8 4 8 4 2 Up [0]
481 10688 1024 32 2 2 256 64 16 8 32 2 4 2 4 8 0 2 Left [0]
482 10692 1024 32 4 2 256 64 16 8 32 2 4 2 4 8 2 0 Down [0]
483 10692 1024 32 4 4 256 64 16 2 32 2 4 8 4 8 2 2 Left [0]
484 10704 1024 32 8 2 256 64 16 2 32 2 4 8 4 8 4 0 Up [0]
485 10716 1024 32 8 4 256 64 16 8 32 2 8 0 4 8 4 0 Down [0]
486 10716 1024 32 8 2 256 64 16 0 32 2 8 4 4 8 4 8 Up [0]
487 10716 1024 32 8 2 256 64 16 4 32 2 8 8 4 8 4 2 Left [0]
488 10732 1024 32 8 2 256 64 16 4 32 2 16 2 4 8 4 2 Up [0]
489 10768 1024 32 8 2 256 64 32 4 32 2 4 4 4 8 0 4 Left [0]
490 10776 1024 32 8 2 256 64 32 4 32 2 8 2 4 8 4 0 Down [0]
491 10776 1024 32 8 2 256 64 32 2 32 2 8 4 4 8 4 2 Up [0]
492 10780 1024 32 8 4 256 64 32 4 32 2 8 2 4 8 4 4 Up [0]
493 10788 1024 32 8 8 256 64 32 2 32 2 8 4 4 8 4 4 Left [0]
494 10812 1024 32 16 0 256 64 32 2 32 2 8 4 4 8 8 2 Left [0]
495 10828 1024 32 16 0 256 64 32 2 32 2 8 4 4 16 2 4 Down [0]
496 10836 1024 32 16 4 256 64 32 0 32 2 8 2 4 16 2 8 Up [0]
497 10836 1024 32 16 4 256 64 32 2 32 2 8 8 4 16 2 2 Left [0]
498 10856 1024 32 16 4 256 64 32 2 32 2 16 0 4 16 4 2 Down [0]
499 10860 1024 32 16 4 256 64 32 0 32 2 16 4 4 16 4 4 Left [0]
500 10868 1024 32 16 4 256 64 32 0 32 2 16 4 4 16 8 2 Down [0]
501 10876 1024 32 16 2 256 64 32 0 32 2 16 8 4 16 8 2 Up [0]
502 10876 1024 32 16 2 256 64 32 8 32 2 16 2 4 16 8 4 LOOSE [-1]
