4 4
0 0 0 0 4 0 0 0 0 0 0 0 2 0 0 0 0 0 Left [0]
1 0 4 0 0 0 0 0 0 0 2 0 0 0 0 4 0 0 Up [0]
2 0 4 4 0 4 2 0 0 0 0 0 0 0 0 0 0 0 Left [0]
3 8 8 4 4 0 2 0 0 0 0 0 0 0 0 0 0 0 Left [0]
4 16 8 8 0 0 2 0 0 0 0 0 0 0 4 0 0 0 Left [0]
5 32 16 0 0 0 2 0 0 0 0 0 0 2 4 0 0 0 Left [0]
6 32 16 0 0 0 2 0 0 0 2 0 0 0 4 0 4 0 Left [0]
7 40 16 0 0 0 2 0 0 0 2 0 0 2 8 0 0 0 Up [0]
8 44 16 0 0 2 4 0 0 0 8 0 0 0 0 4 0 0 Up [0]
9 44 16 4 0 2 4 0 0 0 8 0 0 0 0 4 0 0 Left [0]
10 44 16 4 2 0 4 0 0 0 8 0 0 0 4 0 2 0 Up [0]
11 48 16 4 4 0 4 0 0 0 8 0 2 0 4 0 0 0 Left [0]
12 56 16 8 0 0 4 0 0 0 8 2 0 0 4 0 0 2 Left [0]
13 56 16 8 0 0 4 0 0 2 8 2 0 0 4 2 0 0 Up [0]
14 60 16 8 0 2 4 4 2 0 8 0 0 0 4 0 0 0 Left [0]
15 68 16 8 2 0 8 2 0 0 8 0 0 4 4 0 0 0 Left [0]
16 68 16 8 2 0 8 2 0 0 8 4 0 0 4 0 0 4 Up [0]
17 84 16 8 2 4 16 2 0 0 4 4 0 4 0 0 0 0 Up [0]
18 124 32 8 2 8 4 2 0 0 0 4 4 0 0 0 0 0 Left [0]
19 132 32 8 2 8 4 2 0 2 8 0 0 0 0 0 0 0 Left [0]
20 136 32 8 2 8 4 4 0 0 8 0 4 0 0 0 0 0 Left [0]
21 144 32 8 2 8 8 0 2 0 8 4 0 0 0 0 0 0 Up [0]
22 164 32 8 4 8 16 4 0 2 0 0 0 0 0 0 0 0 Left [0]
23 164 32 8 4 8 16 4 2 0 0 0 0 0 0 0 4 0 Left [0]
24 164 32 8 4 8 16 4 2 0 0 0 0 0 4 0 4 0 Up [0]
25 164 32 8 4 8 16 4 2 0 4 0 4 0 0 4 0 0 Left [0]
26 172 32 8 4 8 16 4 2 0 8 0 0 0 4 0 2 0 Left [0]
27 172 32 8 4 8 16 4 2 2 8 0 0 0 4 2 0 0 Down [0]
28 172 32 0 4 0 16 8 0 0 8 4 4 8 4 2 2 2 Left [0]
29 184 32 4 0 0 16 8 0 0 8 8 8 2 4 4 2 0 Left [0]
30 208 32 4 0 0 16 8 0 0 16 8 2 4 8 2 0 0 Up [0]
31 256 32 4 2 4 32 16 4 0 8 2 0 0 0 0 0 0 Up [0]
32 320 64 4 2 4 8 16 4 0 0 2 0 0 0 0 0 4 Left [0]
33 320 64 4 2 4 8 16 4 0 2 2 0 0 4 0 0 0 Left [0]
34 324 64 4 2 4 8 16 4 0 4 4 0 0 4 0 0 0 Up [0]
35 332 64 4 2 4 8 16 4 0 8 4 0 0 0 0 0 4 Up [0]
36 356 64 4 2 8 16 16 4 0 2 4 0 0 0 0 0 0 Left [0]
37 388 64 4 2 8 32 4 0 0 2 4 0 0 0 0 2 0 Up [0]
38 400 64 8 4 8 32 4 0 0 2 0 0 0 4 0 0 0 Down [0]
39 400 64 0 0 2 32 0 0 0 2 8 0 0 4 4 4 8 Left [0]
40 408 64 2 4 0 32 0 0 0 2 8 0 0 8 4 8 0 Up [0]
41 408 64 2 4 0 32 8 8 2 2 4 0 0 8 0 0 0 Left [0]
42 424 64 2 4 0 32 16 2 0 2 4 0 0 8 0 4 0 Left [0]
43 424 64 2 4 0 32 16 2 2 2 4 0 0 8 4 0 0 Up [0]
44 432 64 2 4 2 32 16 2 0 2 8 0 0 8 2 0 0 Down [0]
45 432 64 2 0 4 32 16 0 0 2 8 4 0 8 2 2 2 Left [0]
46 436 64 2 4 2 32 16 0 0 2 8 4 0 8 4 2 0 Up [0]
47 444 64 2 8 2 32 16 2 0 2 8 0 0 8 4 0 4 Left [0]
48 452 64 2 8 2 32 16 2 0 2 8 0 0 8 8 2 0 Left [0]
49 468 64 2 8 2 32 16 2 0 2 8 0 4 16 2 0 0 Up [0]
50 468 64 2 8 2 32 16 2 4 2 8 0 0 16 2 4 0 Up [0]
51 468 64 2 8 2 32 16 2 4 2 8 4 0 16 2 2 0 Left [0]
52 472 64 2 8 2 32 16 2 4 2 8 4 4 16 4 0 0 Down [0]
53 480 64 2 2 0 32 16 8 0 2 8 2 2 16 4 4 8 Left [0]
54 496 64 4 0 0 32 16 8 2 2 8 4 0 16 8 8 0 Left [0]
55 512 64 4 0 0 32 16 8 2 2 8 4 0 16 16 0 2 Left [0]
56 544 64 4 0 4 32 16 8 2 2 8 4 0 32 2 0 0 Up [0]
57 544 64 4 8 4 32 16 4 2 2 8 0 2 32 2 0 0 Left [0]
58 544 64 4 8 4 32 16 4 2 2 8 2 0 32 2 2 0 Left [0]
59 548 64 4 8 4 32 16 4 2 2 8 2 0 32 4 0 2 Down [0]
60 552 64 4 0 0 32 16 8 4 2 8 4 4 32 4 2 4 Left [0]
61 560 64 4 0 4 32 16 8 4 2 8 8 0 32 4 2 4 Left [0]
62 584 64 8 2 0 32 16 8 4 2 16 0 0 32 4 2 4 Up [0]
63 624 64 8 2 8 32 32 8 2 2 4 2 0 32 0 0 0 Left [0]
64 688 64 8 2 8 64 8 2 2 2 4 2 0 32 0 0 0 Up [0]
65 836 128 16 4 8 2 4 2 2 32 0 2 0 0 0 0 0 Left [0]
66 840 128 16 4 8 2 4 4 0 32 2 0 0 4 0 0 0 Left [0]
67 848 128 16 4 8 2 8 0 0 32 2 2 0 4 0 0 0 Down [0]
68 848 128 0 2 0 2 16 0 0 32 8 4 0 4 2 2 8 Left [0]
69 852 128 2 0 0 2 16 4 0 32 8 4 0 4 4 8 0 Left [0]
70 860 128 2 0 4 2 16 4 0 32 8 4 0 8 8 0 0 Left [0]
71 876 128 2 4 4 2 16 4 0 32 8 4 0 16 0 0 0 Down [0]
72 884 128 0 0 0 2 2 4 0 32 16 4 0 16 8 8 4 Left [0]
73 904 128 0 0 0 4 4 0 0 32 16 4 0 16 16 4 4 Left [0]
74 952 128 0 0 0 8 0 0 0 32 16 4 0 32 8 4 0 Up [0]
75 1024 128 16 8 0 8 8 0 0 64 0 0 0 0 2 0 0 Left [0]
76 1040 128 16 8 0 16 0 0 0 64 0 0 0 2 0 2 0 Left [0]
77 1044 128 16 8 0 16 0 0 4 64 0 0 0 4 0 0 0 Left [0]
78 1044 128 16 8 0 16 4 0 0 64 0 0 0 4 0 2 0 Down [0]
79 1044 128 0 0 0 16 0 0 0 64 16 8 4 4 4 2 0 Left [0]
80 1052 128 0 0 2 16 0 0 0 64 16 8 4 8 2 0 0 Up [0]
81 1052 128 16 8 2 16 2 4 4 64 0 0 0 8 0 0 0 Left [0]
82 1060 128 16 8 2 16 2 8 0 64 0 0 0 8 0 4 0 Down [0]
83 1076 128 0 0 0 16 0 4 0 64 16 16 0 8 2 4 2 Left [0]
84 1108 128 0 0 4 16 4 0 0 64 32 0 0 8 2 4 2 Up [0]
85 1108 128 4 4 4 16 32 0 2 64 2 0 0 8 0 2 0 Left [0]
86 1116 128 8 4 0 16 32 2 0 64 2 0 0 8 2 4 0 Down [0]
87 1120 128 4 0 0 16 8 4 0 64 32 2 0 8 4 4 0 Left [0]
88 1128 128 4 0 4 16 8 4 0 64 32 2 0 8 8 0 0 Left [0]
89 1152 128 8 0 0 16 8 4 0 64 32 2 0 16 0 4 0 Down [0]
90 1168 128 0 0 0 16 0 4 0 64 16 2 0 16 32 4 4 Left [0]
91 1176 128 0 0 0 16 4 0 0 64 16 2 0 16 32 8 4 Up [0]
92 1176 128 4 2 4 16 16 8 2 64 32 0 0 16 0 0 0 Left [0]
93 1208 128 4 2 4 32 8 2 0 64 32 0 0 16 0 0 2 Up [0]
94 1212 128 4 4 4 32 8 0 2 64 32 0 4 16 0 0 0 Left [0]
95 1220 128 8 4 0 32 8 2 0 64 32 4 4 16 0 0 0 Up [0]
96 1236 128 16 4 4 32 32 2 0 64 0 4 0 16 0 0 2 Left [0]
97 1308 128 16 8 4 64 2 0 0 64 4 0 0 16 2 0 0 Up [0]
98 1436 128 16 8 4 128 2 0 0 16 4 0 0 0 2 4 0 Up [0]
99 1692 256 16 8 4 16 2 4 0 0 4 0 0 0 2 0 4 Left [0]
100 1692 256 16 8 4 16 2 4 2 4 0 0 0 2 4 0 0 Down [0]
101 1692 256 2 0 0 16 16 0 0 4 2 8 4 2 4 4 2 Left [0]
102 1732 256 2 0 0 32 0 4 0 4 2 8 4 2 8 2 0 Up [0]
103 1736 256 4 4 4 32 8 8 0 4 0 2 4 2 0 0 0 Left [0]
104 1760 256 8 4 0 32 16 0 4 4 2 4 0 2 0 0 0 Down [0]
105 1768 256 0 0 0 32 8 0 2 4 16 0 0 2 2 8 4 Left [0]
106 1772 256 0 0 0 32 8 2 0 4 16 0 2 4 8 4 0 Up [0]
107 1780 256 8 2 2 32 16 4 0 8 8 0 0 0 0 0 2 Left [0]
108 1800 256 8 4 0 32 16 4 0 16 0 0 2 2 0 0 0 Down [0]
109 1808 256 0 0 0 32 4 0 0 16 8 0 0 2 16 8 2 Up [0]
110 1808 256 4 8 2 32 8 0 0 16 16 4 0 2 0 0 0 Left [0]
111 1840 256 4 8 2 32 8 0 0 32 4 0 0 2 4 0 0 Up [0]
112 1912 256 4 8 2 64 8 0 0 2 8 4 0 0 0 0 0 Up [0]
113 1928 256 4 8 2 64 16 4 4 2 0 0 0 0 0 0 0 Left [0]
114 1936 256 4 8 2 64 16 8 0 2 0 0 0 0 2 0 0 Left [0]
115 1936 256 4 8 2 64 16 8 0 2 0 2 0 2 0 0 0 Up [0]
116 1956 256 4 16 2 64 16 2 0 4 2 0 0 0 0 0 0 Down [0]
117 1956 0 0 0 0 256 4 4 0 64 16 16 0 4 2 2 2 Up [0]
118 1956 256 4 4 2 64 16 16 0 4 2 2 0 0 0 4 0 Left [0]
119 2000 256 8 2 0 64 32 4 0 4 4 0 0 4 0 0 0 Left [0]
120 2008 256 8 2 0 64 32 4 0 8 0 0 0 4 2 0 0 Up [0]
121 2008 256 8 2 0 64 32 4 0 8 2 4 0 4 0 0 0 Down [0]
122 2016 256 0 0 0 64 8 0 0 8 32 2 0 4 2 8 2 Up [0]
123 2016 256 8 2 2 64 32 8 0 8 2 0 0 4 0 0 4 Left [0]
124 2028 256 8 4 0 64 32 8 2 8 2 0 0 8 0 0 0 Up [0]
125 2044 256 8 4 2 64 32 8 0 16 2 0 0 0 2 0 0 Left [0]
126 2044 256 8 4 2 64 32 8 0 16 2 0 0 2 0 2 0 Left [0]
127 2048 256 8 4 2 64 32 8 2 16 2 0 0 4 0 0 0 Down [0]
128 2052 256 4 0 0 64 8 0 0 16 32 4 0 4 2 8 4 Up [0]
129 2052 256 4 4 4 64 8 8 2 16 32 0 0 4 2 0 0 Left [0]
130 2076 256 8 4 0 64 16 2 0 16 32 0 2 4 2 0 0 Left [0]
131 2076 256 8 4 0 64 16 2 0 16 32 2 0 4 2 2 0 Left [0]
132 2080 256 8 4 0 64 16 2 0 16 32 2 2 4 4 0 0 Left [0]
133 2092 256 8 4 0 64 16 2 0 16 32 4 0 8 0 0 4 Down [0]
134 2092 256 0 0 0 64 8 4 0 16 16 2 2 8 32 4 4 Left [0]
135 2136 256 0 0 0 64 8 4 2 32 4 0 0 8 32 8 0 Up [0]
136 2136 256 8 4 2 64 4 8 0 32 32 0 0 8 0 0 2 Left [0]
137 2200 256 8 4 2 64 4 8 0 64 4 0 0 8 2 0 0 Up [0]
138 2336 256 8 4 2 128 8 8 0 8 2 0 0 0 0 0 2 Left [0]
139 2352 256 8 4 2 128 16 0 2 8 2 0 0 2 0 0 0 Left [0]
140 2352 256 8 4 2 128 16 2 0 8 2 0 0 2 0 2 0 Left [0]
141 2356 256 8 4 2 128 16 2 2 8 2 0 0 4 0 0 0 Left [0]
142 2360 256 8 4 2 128 16 4 0 8 2 0 0 4 0 2 0 Left [0]
143 2360 256 8 4 2 128 16 4 0 8 2 0 2 4 2 0 0 Down [0]
144 2376 256 0 0 0 128 8 4 0 8 16 0 0 4 4 8 4 Left [0]
145 2384 256 0 0 0 128 8 4 0 8 16 2 0 8 8 4 0 Up [0]
146 2400 256 8 4 0 128 16 2 0 16 8 4 0 2 0 0 0 Down [0]
147 2400 256 2 0 0 128 8 4 0 16 16 2 0 2 8 4 0 Left [0]
148 2432 256 2 0 0 128 8 4 0 32 2 0 0 2 8 4 4 Up [0]
149 2440 256 2 8 4 128 8 0 0 32 2 4 0 2 8 0 0 Up [0]
150 2440 256 2 8 4 128 8 4 0 32 2 0 4 2 8 0 0 Left [0]
151 2440 256 2 8 4 128 8 4 4 32 2 4 0 2 8 0 0 Down [0]
152 2456 256 2 2 0 128 8 0 0 32 2 8 0 2 8 8 8 Left [0]
153 2476 256 4 0 2 128 8 0 0 32 2 8 0 2 16 8 0 Up [0]
154 2492 256 4 16 2 128 8 0 0 32 2 2 0 2 16 0 0 Left [0]
155 2496 256 4 16 2 128 8 0 0 32 4 0 0 2 16 2 0 Up [0]
156 2496 256 4 16 2 128 8 2 0 32 4 0 4 2 16 0 0 Left [0]
157 2504 256 4 16 2 128 8 2 0 32 8 0 0 2 16 0 4 Left [0]
158 2504 256 4 16 2 128 8 2 0 32 8 2 0 2 16 4 0 Up [0]
159 2524 256 4 16 2 128 16 4 2 32 16 4 0 2 0 0 0 Down [0]
160 2568 256 0 0 0 128 0 4 0 32 4 16 0 2 32 8 4 Up [0]
161 2568 256 4 4 4 128 32 16 0 32 4 8 0 2 0 0 0 Down [0]
162 2568 256 0 0 0 128 4 4 4 32 32 16 0 2 4 8 4 Left [0]
163 2640 256 0 0 0 128 8 4 0 64 16 0 2 2 4 8 4 Up [0]
164 2640 256 8 4 2 128 16 8 4 64 4 0 0 2 0 0 4 Left [0]
165 2640 256 8 4 2 128 16 8 4 64 4 0 4 2 4 0 0 Up [0]
166 2656 256 8 4 2 128 16 8 8 64 8 0 0 2 0 0 4 Left [0]
167 2672 256 8 4 2 128 16 16 0 64 8 0 0 2 4 4 0 Left [0]
168 2712 256 8 4 2 128 32 0 0 64 8 0 4 2 8 0 0 Up [0]
169 2728 256 8 4 2 128 32 0 4 64 16 4 0 2 0 0 0 Left [0]
170 2728 256 8 4 2 128 32 4 0 64 16 4 2 2 0 0 0 Up [0]
171 2740 256 8 8 4 128 32 4 0 64 16 4 0 2 0 0 0 Left [0]
172 2756 256 16 4 2 128 32 4 0 64 16 4 0 2 0 0 0 Up [0]
173 2764 256 16 8 2 128 32 4 0 64 16 0 0 2 0 0 2 Up [0]
174 2768 256 16 8 4 128 32 4 0 64 16 0 0 2 0 0 2 Left [0]
175 2772 256 16 8 4 128 32 4 0 64 16 0 4 4 0 0 0 Up [0]
176 2780 256 16 8 8 128 32 4 0 64 16 0 0 4 0 2 0 Up [0]
177 2780 256 16 8 8 128 32 4 0 64 16 2 0 4 0 4 0 Left [0]
178 2804 256 16 16 0 128 32 4 0 64 16 2 0 8 0 4 0 Left [0]
179 2836 256 32 0 4 128 32 4 0 64 16 2 0 8 4 0 0 Down [0]
180 2900 256 0 4 0 128 64 0 0 64 16 4 0 8 4 2 4 Up [0]
181 2908 256 64 8 4 128 16 2 0 64 4 0 2 8 0 0 0 Left [0]
182 2908 256 64 8 4 128 16 2 0 64 4 2 0 8 2 0 0 Down [0]
183 2912 256 64 2 0 128 16 0 0 64 4 8 0 8 2 4 4 Left [0]
184 2920 256 64 2 4 128 16 0 0 64 4 8 0 8 2 8 0 Up [0]
185 2936 256 64 2 4 128 16 16 0 64 4 0 0 8 2 0 4 Left [0]
186 2968 256 64 2 4 128 32 0 0 64 4 0 0 8 2 4 2 Up [0]
187 2968 256 64 2 4 128 32 4 2 64 4 0 0 8 2 2 0 Left [0]
188 2972 256 64 2 4 128 32 4 2 64 4 0 2 8 4 0 0 Down [0]
189 2984 256 0 0 0 128 64 2 0 64 32 2 4 8 8 4 4 Left [0]
190 3008 256 0 0 4 128 64 2 0 64 32 2 4 16 8 0 0 Down [0]
191 3020 256 0 0 0 128 64 0 0 64 32 0 2 16 8 4 8 Left [0]
192 3020 256 0 0 0 128 64 0 2 64 32 2 0 16 8 4 8 Down [0]
193 3020 256 0 0 0 128 64 0 2 64 32 2 2 16 8 4 8 Left [0]
194 3024 256 0 0 2 128 64 2 0 64 32 4 0 16 8 4 8 Down [0]
195 3032 256 0 0 2 128 64 0 0 64 32 2 2 16 8 8 8 Left [0]
196 3052 256 2 4 0 128 64 0 0 64 32 4 0 16 16 8 0 Left [0]
197 3084 256 2 4 0 128 64 0 4 64 32 4 0 32 8 0 0 Down [0]
198 3092 256 2 0 0 128 64 0 0 64 32 0 2 32 8 8 4 Left [0]
199 3108 256 2 0 0 128 64 0 0 64 32 2 4 32 16 4 0 Down [0]
200 3108 256 2 0 0 128 64 0 0 64 32 2 2 32 16 4 4 Left [0]
201 3120 256 2 0 0 128 64 2 0 64 32 4 0 32 16 8 0 Up [0]
202 3120 256 2 2 0 128 64 4 0 64 32 8 2 32 16 0 0 Down [0]
203 3120 256 2 0 0 128 64 2 0 64 32 4 4 32 16 8 2 Left [0]
204 3128 256 2 2 0 128 64 2 0 64 32 8 0 32 16 8 2 Down [0]
205 3148 256 2 0 0 128 64 0 2 64 32 4 0 32 16 16 2 Left [0]
206 3180 256 2 0 0 128 64 2 0 64 32 4 4 32 32 2 0 Left [0]
207 3252 256 2 0 0 128 64 2 0 64 32 8 4 64 2 0 0 Up [0]
208 3380 256 2 2 4 128 64 8 4 128 32 0 0 0 2 0 0 Up [0]
209 3644 256 2 2 8 256 64 8 0 4 32 0 0 0 2 0 0 Up [0]
210 4156 512 2 2 8 4 64 8 0 0 32 2 0 0 2 0 0 Left [0]
211 4160 512 4 8 0 4 64 8 0 32 2 0 0 2 2 0 0 Left [0]
212 4164 512 4 8 0 4 64 8 0 32 2 0 0 4 0 0 2 Down [0]
213 4180 512 0 0 0 4 4 0 0 32 64 0 4 4 2 16 2 Left [0]
214 4188 512 0 0 0 8 0 0 2 32 64 4 0 4 2 16 2 Up [0]
215 4192 512 64 4 4 8 2 16 0 32 0 0 0 4 2 0 0 Left [0]
216 4200 512 64 8 2 8 2 16 0 32 0 0 0 4 2 0 0 Down [0]
217 4204 512 0 2 0 8 0 0 0 32 64 8 0 4 4 16 2 Left [0]
218 4212 512 2 0 0 8 0 0 0 32 64 8 4 8 16 2 0 Up [0]
219 4212 512 2 8 4 8 64 2 0 32 16 0 0 8 4 0 0 Down [0]
220 4212 512 2 0 2 8 64 0 0 32 16 8 0 8 4 2 4 Left [0]
221 4216 512 4 0 2 8 64 0 0 32 16 8 0 8 4 2 4 Up [0]
222 4216 512 4 8 2 8 64 2 4 32 16 0 0 8 4 4 0 Left [0]
223 4224 512 4 8 2 8 64 2 4 32 16 0 0 8 8 0 2 Left [0]
224 4240 512 4 8 2 8 64 2 4 32 16 0 0 16 2 0 2 Left [0]
225 4244 512 4 8 2 8 64 2 4 32 16 2 0 16 4 0 0 Down [0]
226 4248 512 4 0 0 8 64 4 0 32 16 8 2 16 4 4 4 Left [0]
227 4256 512 4 0 0 8 64 4 0 32 16 8 2 16 8 4 4 Left [0]
228 4264 512 4 0 2 8 64 4 0 32 16 8 2 16 8 8 0 Left [0]
229 4280 512 4 2 0 8 64 4 4 32 16 8 2 16 16 0 0 Left [0]
230 4320 512 4 2 0 8 64 8 0 32 16 8 2 32 0 2 0 Up [0]
231 4400 512 4 2 2 8 64 16 0 64 16 2 0 0 0 0 4 Left [0]
232 4404 512 4 4 0 8 64 16 0 64 16 2 4 4 0 0 0 Down [0]
233 4404 512 4 0 0 8 4 4 0 64 64 16 0 4 16 2 4 Left [0]
234 4540 512 4 0 2 8 8 0 0 128 16 0 0 4 16 2 4 Left [0]
235 4556 512 4 2 0 16 0 0 0 128 16 4 0 4 16 2 4 Up [0]
236 4588 512 4 2 4 16 32 4 0 128 0 2 0 4 2 0 0 Left [0]
237 4588 512 4 2 4 16 32 4 4 128 2 0 0 4 2 0 0 Down [0]
238 4600 512 0 0 0 16 4 0 0 128 32 2 4 4 4 4 8 Left [0]
239 4608 512 2 0 0 16 4 0 0 128 32 2 4 8 4 8 0 Up [0]
240 4608 512 2 2 4 16 4 8 2 128 32 0 0 8 4 0 0 Left [0]
241 4612 512 4 4 0 16 4 8 2 128 32 0 0 8 4 4 0 Down [0]
242 4620 512 0 2 0 16 8 4 0 128 32 8 0 8 4 4 2 Left [0]
243 4628 512 2 0 2 16 8 4 0 128 32 8 0 8 8 2 0 Left [0]
244 4648 512 4 0 4 16 8 4 0 128 32 8 0 16 2 0 0 Up [0]
245 4648 512 4 4 4 16 8 8 2 128 32 0 0 16 2 0 0 Left [0]
246 4672 512 8 4 0 16 16 2 0 128 32 0 0 16 2 2 0 Left [0]
247 4708 512 8 4 0 32 2 0 0 128 32 0 4 16 4 0 0 Down [0]
248 4708 512 8 0 0 32 2 0 0 128 32 0 2 16 4 4 4 Left [0]
249 4716 512 8 0 2 32 2 0 0 128 32 2 0 16 8 4 0 Left [0]
250 4716 512 8 2 2 32 2 0 0 128 32 2 0 16 8 4 0 Down [0]
251 4720 512 8 0 0 32 2 0 0 128 32 4 4 16 8 4 2 Left [0]
252 4728 512 8 4 0 32 2 0 0 128 32 8 0 16 8 4 2 Up [0]
253 4728 512 8 4 2 32 2 8 0 128 32 4 4 16 8 0 0 Left [0]
254 4736 512 8 4 2 32 2 8 0 128 32 8 0 16 8 0 2 Down [0]
255 4756 512 8 0 0 32 2 0 0 128 32 4 4 16 8 16 4 Left [0]
256 4764 512 8 0 0 32 2 0 2 128 32 8 0 16 8 16 4 Left [0]
257 4768 512 8 0 0 32 4 0 0 128 32 8 4 16 8 16 4 Up [0]
258 4776 512 8 8 8 32 4 16 0 128 32 0 4 16 8 0 0 Left [0]
259 4792 512 16 8 0 32 4 16 4 128 32 4 0 16 8 0 0 Down [0]
260 4792 512 16 0 2 32 4 8 0 128 32 16 0 16 8 4 4 Left [0]
261 4800 512 16 2 0 32 4 8 0 128 32 16 0 16 8 8 2 Left [0]
262 4816 512 16 2 2 32 4 8 0 128 32 16 0 16 16 2 0 Left [0]
263 4852 512 16 4 0 32 4 8 0 128 32 16 0 32 2 0 2 Down [0]
264 4852 512 16 0 2 32 4 4 0 128 32 8 0 32 2 16 2 Left [0]
265 4860 512 16 2 0 32 8 4 0 128 32 8 0 32 2 16 2 Up [0]
266 4860 512 16 2 2 32 8 4 4 128 32 8 0 32 2 16 0 Left [0]
267 4872 512 16 4 2 32 8 8 0 128 32 8 0 32 2 16 0 Left [0]
268 4888 512 16 4 2 32 16 0 4 128 32 8 0 32 2 16 0 Down [0]
269 4920 512 0 0 0 32 32 4 2 128 32 8 2 32 2 16 4 Left [0]
270 4984 512 0 0 2 64 4 2 0 128 32 8 2 32 2 16 4 Left [0]
271 4984 512 2 0 0 64 4 2 4 128 32 8 2 32 2 16 4 Up [0]
272 4984 512 2 2 4 64 4 8 2 128 32 16 4 32 2 0 2 Left [0]
273 4992 512 4 4 0 64 4 8 2 128 32 16 4 32 4 2 0 Down [0]
274 5000 512 4 4 0 64 8 8 0 128 32 16 2 32 4 2 4 Left [0]
275 5024 512 8 0 0 64 16 0 4 128 32 16 2 32 4 2 4 Up [0]
276 5024 512 8 16 4 64 16 2 2 128 32 0 4 32 4 2 0 Left [0]
277 5028 512 8 16 4 64 16 4 4 128 32 4 0 32 4 2 0 Down [0]
278 5044 512 8 0 0 64 16 16 2 128 32 8 0 32 4 2 8 Left [0]
279 5076 512 8 0 0 64 32 2 4 128 32 8 0 32 4 2 8 Up [0]
280 5140 512 8 2 4 64 64 8 8 128 4 2 0 32 0 2 0 Left [0]
281 5284 512 8 2 4 128 16 0 0 128 4 2 4 32 2 0 0 Up [0]
282 5552 512 8 4 8 256 16 0 0 32 4 0 0 2 2 0 0 Left [0]
283 5556 512 8 4 8 256 16 0 0 32 4 0 2 4 0 0 0 Down [0]
284 5556 512 0 4 0 256 8 0 0 32 16 0 8 4 4 4 2 Left [0]
285 5564 512 4 0 0 256 8 0 0 32 16 8 2 8 4 2 0 Down [0]
286 5564 512 4 0 0 256 8 2 0 32 16 8 0 8 4 2 2 Left [0]
287 5568 512 4 0 4 256 8 2 0 32 16 8 0 8 4 4 0 Left [0]
288 5584 512 8 0 2 256 8 2 0 32 16 8 0 8 8 0 0 Left [0]
289 5600 512 8 2 0 256 8 2 0 32 16 8 0 16 0 0 4 Down [0]
290 5620 512 0 0 0 256 0 2 0 32 16 4 0 16 16 8 4 Left [0]
291 5652 512 0 0 0 256 2 4 0 32 16 4 0 32 8 4 0 Up [0]
292 5724 512 2 8 0 256 16 4 0 64 8 0 0 0 0 2 0 Up [0]
293 5724 512 2 8 0 256 16 4 0 64 8 2 0 0 0 0 4 Left [0]
294 5724 512 2 8 0 256 16 4 2 64 8 2 0 4 0 0 0 Down [0]
295 5724 512 0 0 4 256 2 8 0 64 16 4 0 4 8 2 2 Left [0]
296 5728 512 4 2 0 256 2 8 0 64 16 4 0 4 8 4 0 Up [0]
297 5736 512 4 2 0 256 2 8 0 64 16 8 0 4 8 0 4 Down [0]
298 5752 512 4 0 0 256 2 4 0 64 16 2 0 4 8 16 4 Up [0]
299 5752 512 4 4 4 256 2 2 0 64 16 16 0 4 8 0 4 Left [0]
300 5796 512 8 4 2 256 4 0 0 64 32 0 0 4 8 4 0 Up [0]
301 5804 512 8 8 2 256 4 0 0 64 32 0 0 4 8 0 4 Left [0]
302 5820 512 16 2 0 256 4 0 0 64 32 2 0 4 8 4 0 Up [0]
303 5824 512 16 4 0 256 4 4 0 64 32 0 0 4 8 2 0 Left [0]
304 5832 512 16 4 0 256 8 0 0 64 32 0 4 4 8 2 0 Down [0]
305 5832 512 16 0 2 256 8 0 0 64 32 4 0 4 8 2 4 Left [0]
306 5832 512 16 2 4 256 8 0 0 64 32 4 0 4 8 2 4 Down [0]
307 5840 512 16 0 0 256 8 2 0 64 32 4 4 4 8 2 8 Up [0]
308 5840 512 16 2 4 256 8 4 8 64 32 2 0 4 8 2 0 Down [0]
309 5844 512 16 0 2 256 8 2 0 64 32 4 4 4 8 4 8 Down [0]
310 5852 512 16 0 0 256 8 4 2 64 32 2 4 4 8 8 8 Left [0]
311 5868 512 16 2 0 256 8 4 2 64 32 2 4 4 16 8 0 Up [0]
312 5868 512 16 2 2 256 8 4 4 64 32 2 2 4 16 8 0 Left [0]
313 5884 512 16 4 0 256 8 8 0 64 32 4 2 4 16 8 0 Left [0]
314 5900 512 16 4 0 256 16 0 4 64 32 4 2 4 16 8 0 Down [0]
315 5940 512 0 2 0 256 32 0 0 64 32 8 4 4 16 8 2 Down [0]
316 6020 512 0 0 0 256 0 0 4 64 64 2 4 4 16 16 2 Left [0]
317 6180 512 0 0 0 256 4 0 2 128 2 4 0 4 32 2 0 Up [0]
318 6180 512 4 4 2 256 2 2 0 128 32 0 0 4 0 2 0 Left [0]
319 6192 512 8 2 0 256 4 0 0 128 32 0 0 4 2 2 0 Left [0]
320 6196 512 8 2 2 256 4 0 0 128 32 0 0 4 4 0 0 Left [0]
321 6208 512 8 4 0 256 4 0 0 128 32 0 4 8 0 0 0 Left [0]
322 6208 512 8 4 0 256 4 0 0 128 32 4 0 8 0 0 4 Up [0]
323 6216 512 8 8 4 256 4 2 0 128 32 0 0 8 0 0 0 Left [0]
324 6232 512 16 4 4 256 4 2 0 128 32 0 0 8 0 0 0 Down [0]
325 6232 512 2 0 0 256 16 0 0 128 4 4 0 8 32 2 4 Left [0]
326 6240 512 2 0 0 256 16 0 0 128 8 0 2 8 32 2 4 Left [0]
327 6240 512 2 2 0 256 16 0 0 128 8 2 0 8 32 2 4 Down [0]
328 6244 512 2 0 0 256 16 0 2 128 8 2 0 8 32 4 4 Left [0]
329 6252 512 2 0 0 256 16 2 0 128 8 2 0 8 32 8 2 Up [0]
330 6256 512 2 4 2 256 16 8 0 128 8 0 0 8 32 4 0 Down [0]
331 6256 512 2 0 4 256 16 4 0 128 8 8 0 8 32 4 2 Left [0]
332 6272 512 2 4 2 256 16 4 0 128 16 0 0 8 32 4 2 Down [0]
333 6316 512 0 0 0 256 2 0 2 128 32 4 0 8 32 8 4 Down [0]
334 6380 512 2 0 0 256 0 0 0 128 2 4 2 8 64 8 4 Up [0]
335 6384 512 4 4 2 256 64 8 4 128 0 2 0 8 0 0 0 Left [0]
336 6392 512 8 2 2 256 64 8 4 128 2 0 0 8 0 0 0 Down [0]
337 6392 512 0 0 4 256 8 0 0 128 64 2 2 8 2 8 4 Left [0]
338 6396 512 4 0 0 256 8 0 4 128 64 4 0 8 2 8 4 Up [0]
339 6404 512 4 4 8 256 8 8 2 128 64 0 0 8 2 0 0 Left [0]
340 6428 512 8 8 0 256 16 2 0 128 64 4 0 8 2 0 0 Left [0]
341 6444 512 16 0 4 256 16 2 0 128 64 4 0 8 2 0 0 Down [0]
342 6476 512 4 0 0 256 32 0 0 128 64 2 0 8 2 4 4 Up [0]
343 6476 512 4 2 4 256 32 4 0 128 64 0 2 8 2 0 0 Left [0]
344 6476 512 4 2 4 256 32 4 0 128 64 2 0 8 2 2 0 Left [0]
345 6480 512 4 2 4 256 32 4 0 128 64 2 4 8 4 0 0 Down [0]
346 6488 512 4 0 0 256 32 2 0 128 64 4 4 8 4 2 8 Up [0]
347 6488 512 4 2 4 256 32 4 8 128 64 2 0 8 4 4 0 Left [0]
348 6496 512 4 2 4 256 32 4 8 128 64 2 0 8 8 0 4 Left [0]
349 6512 512 4 2 4 256 32 4 8 128 64 2 0 16 4 0 2 Down [0]
350 6512 512 4 2 0 256 32 2 4 128 64 4 8 16 4 2 2 Left [0]
351 6516 512 4 2 0 256 32 2 4 128 64 4 8 16 4 4 2 Left [0]
352 6524 512 4 2 4 256 32 2 4 128 64 4 8 16 8 2 0 Down [0]
353 6536 512 4 0 4 256 32 4 0 128 64 4 8 16 8 2 8 Down [0]
354 6560 512 4 0 2 256 32 0 0 128 64 8 4 16 8 2 16 Left [0]
355 6560 512 4 2 0 256 32 0 2 128 64 8 4 16 8 2 16 Up [0]
356 6560 512 4 2 2 256 32 8 4 128 64 2 16 16 8 0 2 Left [0]
357 6564 512 4 4 0 256 32 8 4 128 64 2 16 16 8 2 2 Down [0]
358 6568 512 4 2 0 256 32 4 4 128 64 8 16 16 8 4 2 Up [0]
359 6568 512 4 2 4 256 32 4 16 128 64 8 2 16 8 4 2 Down [0]
360 6572 512 4 2 4 256 32 4 4 128 64 8 16 16 8 4 4 Left [0]
361 6588 512 4 2 4 256 32 8 2 128 64 8 16 16 8 8 0 Left [0]
362 6604 512 4 2 4 256 32 8 2 128 64 8 16 16 16 0 2 Left [0]
363 6636 512 4 2 4 256 32 8 2 128 64 8 16 32 2 4 0 Down [0]
364 6652 512 4 0 2 256 32 2 4 128 64 16 2 32 2 4 16 Up [0]
365 6652 512 4 2 2 256 32 16 4 128 64 4 2 32 2 4 16 Up [0]
366 6660 512 4 2 2 256 32 16 4 128 64 8 2 32 2 4 16 Left [0]
367 6664 512 4 4 4 256 32 16 4 128 64 8 2 32 2 4 16 Left [0]
368 6672 512 8 4 4 256 32 16 4 128 64 8 2 32 2 4 16 Left [0]
369 6680 512 8 8 2 256 32 16 4 128 64 8 2 32 2 4 16 Left [0]
370 6696 512 16 2 4 256 32 16 4 128 64 8 2 32 2 4 16 Down [0]
371 6704 512 16 2 4 256 32 16 8 128 64 8 2 32 2 4 16 LOOSE [-1]
